The system is: Windows - 10.0 - AMD64
Compiling the C compiler identification source file "CMakeCCompilerId.c" succeeded.
Compiler: C:/msys64/usr/bin/cc.exe 
Build flags: 
Id flags: 

The output was:
0


Compilation of the C compiler identification source "CMakeCCompilerId.c" produced "a.exe"

The C compiler identification is GNU, found in "C:/Users/Alex/Dropbox/Development/Qt/LinearOptimization/lib/eigen3/build/CMakeFiles/3.3.2/CompilerIdC/a.exe"

Compiling the CXX compiler identification source file "CMakeCXXCompilerId.cpp" succeeded.
Compiler: C:/msys64/usr/bin/c++.exe 
Build flags: 
Id flags: 

The output was:
0


Compilation of the CXX compiler identification source "CMakeCXXCompilerId.cpp" produced "a.exe"

The CXX compiler identification is GNU, found in "C:/Users/Alex/Dropbox/Development/Qt/LinearOptimization/lib/eigen3/build/CMakeFiles/3.3.2/CompilerIdCXX/a.exe"

Determining if the C compiler works passed with the following output:
Change Dir: C:/Users/Alex/Dropbox/Development/Qt/LinearOptimization/lib/eigen3/build/CMakeFiles/CMakeTmp

Run Build Command:"C:/msys64/usr/bin/make.exe" "cmTC_23840/fast"
/usr/bin/make -f CMakeFiles/cmTC_23840.dir/build.make CMakeFiles/cmTC_23840.dir/build
make[1]: Entering directory '/c/Users/Alex/Dropbox/Development/Qt/LinearOptimization/lib/eigen3/build/CMakeFiles/CMakeTmp'
Building C object CMakeFiles/cmTC_23840.dir/testCCompiler.c.obj
C:/msys64/usr/bin/cc.exe    -o CMakeFiles/cmTC_23840.dir/testCCompiler.c.obj   -c C:/Users/Alex/Dropbox/Development/Qt/LinearOptimization/lib/eigen3/build/CMakeFiles/CMakeTmp/testCCompiler.c
Linking C executable cmTC_23840.exe
C:/msys64/mingw64/bin/cmake.exe -E remove -f CMakeFiles/cmTC_23840.dir/objects.a
C:/msys64/usr/bin/ar.exe cr CMakeFiles/cmTC_23840.dir/objects.a @CMakeFiles/cmTC_23840.dir/objects1.rsp
C:/msys64/usr/bin/cc.exe       -Wl,--whole-archive CMakeFiles/cmTC_23840.dir/objects.a -Wl,--no-whole-archive  -o cmTC_23840.exe -Wl,--out-implib,libcmTC_23840.dll.a -Wl,--major-image-version,0,--minor-image-version,0  
make[1]: Leaving directory '/c/Users/Alex/Dropbox/Development/Qt/LinearOptimization/lib/eigen3/build/CMakeFiles/CMakeTmp'


Detecting C compiler ABI info compiled with the following output:
Change Dir: C:/Users/Alex/Dropbox/Development/Qt/LinearOptimization/lib/eigen3/build/CMakeFiles/CMakeTmp

Run Build Command:"C:/msys64/usr/bin/make.exe" "cmTC_a1267/fast"
/usr/bin/make -f CMakeFiles/cmTC_a1267.dir/build.make CMakeFiles/cmTC_a1267.dir/build
make[1]: Entering directory '/c/Users/Alex/Dropbox/Development/Qt/LinearOptimization/lib/eigen3/build/CMakeFiles/CMakeTmp'
Building C object CMakeFiles/cmTC_a1267.dir/CMakeCCompilerABI.c.obj
C:/msys64/usr/bin/cc.exe    -o CMakeFiles/cmTC_a1267.dir/CMakeCCompilerABI.c.obj   -c C:/msys64/mingw64/share/cmake-3.3/Modules/CMakeCCompilerABI.c
Linking C executable cmTC_a1267.exe
C:/msys64/mingw64/bin/cmake.exe -E remove -f CMakeFiles/cmTC_a1267.dir/objects.a
C:/msys64/usr/bin/ar.exe cr CMakeFiles/cmTC_a1267.dir/objects.a @CMakeFiles/cmTC_a1267.dir/objects1.rsp
C:/msys64/usr/bin/cc.exe      -v -Wl,--whole-archive CMakeFiles/cmTC_a1267.dir/objects.a -Wl,--no-whole-archive  -o cmTC_a1267.exe -Wl,--out-implib,libcmTC_a1267.dll.a -Wl,--major-image-version,0,--minor-image-version,0   
Using built-in specs.
COLLECT_GCC=C:/msys64/usr/bin/cc
COLLECT_LTO_WRAPPER=/usr/lib/gcc/x86_64-pc-msys/4.9.2/lto-wrapper.exe
Target: x86_64-pc-msys
Configured with: /build2/gcc/src/gcc-4.9.2/configure --build=x86_64-pc-msys --prefix=/usr --libexecdir=/usr/lib --enable-bootstrap --enable-shared --enable-shared-libgcc --enable-static --enable-version-specific-runtime-libs --with-arch=x86-64 --disable-multilib --with-tune=generic --enable-__cxa_atexit --with-dwarf2 --enable-languages=c,c++,fortran,lto --enable-graphite --enable-threads=posix --enable-libatomic --enable-libgomp --disable-libitm --enable-libquadmath --enable-libquadmath-support --enable-libssp --disable-win32-registry --disable-symvers --with-gnu-ld --with-gnu-as --disable-isl-version-check --enable-checking=release --without-libiconv-prefix --without-libintl-prefix --with-system-zlib
Thread model: posix
gcc version 4.9.2 (GCC) 
COMPILER_PATH=/usr/lib/gcc/x86_64-pc-msys/4.9.2/:/usr/lib/gcc/x86_64-pc-msys/4.9.2/:/usr/lib/gcc/x86_64-pc-msys/:/usr/lib/gcc/x86_64-pc-msys/4.9.2/:/usr/lib/gcc/x86_64-pc-msys/:/usr/lib/gcc/x86_64-pc-msys/4.9.2/../../../../x86_64-pc-msys/bin/
LIBRARY_PATH=/usr/lib/gcc/x86_64-pc-msys/4.9.2/:/usr/lib/gcc/x86_64-pc-msys/4.9.2/../../../../x86_64-pc-msys/lib/../lib/:/usr/lib/gcc/x86_64-pc-msys/4.9.2/../../../../lib/:/usr/lib/../lib/:/usr/lib/gcc/x86_64-pc-msys/4.9.2/../../../../x86_64-pc-msys/lib/:/usr/lib/gcc/x86_64-pc-msys/4.9.2/../../../:/usr/lib/
COLLECT_GCC_OPTIONS='-v' '-o' 'cmTC_a1267.exe' '-mtune=generic' '-march=x86-64'
 /usr/lib/gcc/x86_64-pc-msys/4.9.2/collect2.exe -plugin /usr/lib/gcc/x86_64-pc-msys/4.9.2/msys-lto_plugin.dll -plugin-opt=/usr/lib/gcc/x86_64-pc-msys/4.9.2/lto-wrapper.exe -plugin-opt=-fresolution=/c/Users/Alex/AppData/Local/Temp/ccCChZD1.res -plugin-opt=-pass-through=-lgcc_s -plugin-opt=-pass-through=-lgcc -plugin-opt=-pass-through=-lmsys-2.0 -plugin-opt=-pass-through=-ladvapi32 -plugin-opt=-pass-through=-lshell32 -plugin-opt=-pass-through=-luser32 -plugin-opt=-pass-through=-lkernel32 -plugin-opt=-pass-through=-lgcc_s -plugin-opt=-pass-through=-lgcc -m i386pep --wrap _Znwm --wrap _Znam --wrap _ZdlPv --wrap _ZdaPv --wrap _ZnwmRKSt9nothrow_t --wrap _ZnamRKSt9nothrow_t --wrap _ZdlPvRKSt9nothrow_t --wrap _ZdaPvRKSt9nothrow_t -Bdynamic --dll-search-prefix=msys- --tsaware -o cmTC_a1267.exe /usr/lib/gcc/x86_64-pc-msys/4.9.2/../../../../lib/crt0.o /usr/lib/gcc/x86_64-pc-msys/4.9.2/crtbegin.o -L/usr/lib/gcc/x86_64-pc-msys/4.9.2 -L/usr/lib/gcc/x86_64-pc-msys/4.9.2/../../../../x86_64-pc-msys/lib/../lib -L/usr/lib/gcc/x86_64-pc-msys/4.9.2/../../../../lib -L/usr/lib/../lib -L/usr/lib/gcc/x86_64-pc-msys/4.9.2/../../../../x86_64-pc-msys/lib -L/usr/lib/gcc/x86_64-pc-msys/4.9.2/../../.. --whole-archive CMakeFiles/cmTC_a1267.dir/objects.a --no-whole-archive --out-implib libcmTC_a1267.dll.a --major-image-version 0 --minor-image-version 0 -lgcc_s --undefined=___deregister_frame_info --undefined=___register_frame_info -lgcc -lmsys-2.0 -ladvapi32 -lshell32 -luser32 -lkernel32 -lgcc_s --undefined=___deregister_frame_info --undefined=___register_frame_info -lgcc /usr/lib/gcc/x86_64-pc-msys/4.9.2/../../../../lib/default-manifest.o /usr/lib/gcc/x86_64-pc-msys/4.9.2/crtend.o
make[1]: Leaving directory '/c/Users/Alex/Dropbox/Development/Qt/LinearOptimization/lib/eigen3/build/CMakeFiles/CMakeTmp'


Parsed C implicit link information from above output:
  link line regex: [^( *|.*[/\])(ld\.exe|([^/\]+-)?ld|collect2)[^/\]*( |$)]
  ignore line: [Change Dir: C:/Users/Alex/Dropbox/Development/Qt/LinearOptimization/lib/eigen3/build/CMakeFiles/CMakeTmp]
  ignore line: []
  ignore line: [Run Build Command:"C:/msys64/usr/bin/make.exe" "cmTC_a1267/fast"]
  ignore line: [/usr/bin/make -f CMakeFiles/cmTC_a1267.dir/build.make CMakeFiles/cmTC_a1267.dir/build]
  ignore line: [make[1]: Entering directory '/c/Users/Alex/Dropbox/Development/Qt/LinearOptimization/lib/eigen3/build/CMakeFiles/CMakeTmp']
  ignore line: [Building C object CMakeFiles/cmTC_a1267.dir/CMakeCCompilerABI.c.obj]
  ignore line: [C:/msys64/usr/bin/cc.exe    -o CMakeFiles/cmTC_a1267.dir/CMakeCCompilerABI.c.obj   -c C:/msys64/mingw64/share/cmake-3.3/Modules/CMakeCCompilerABI.c]
  ignore line: [Linking C executable cmTC_a1267.exe]
  ignore line: [C:/msys64/mingw64/bin/cmake.exe -E remove -f CMakeFiles/cmTC_a1267.dir/objects.a]
  ignore line: [C:/msys64/usr/bin/ar.exe cr CMakeFiles/cmTC_a1267.dir/objects.a @CMakeFiles/cmTC_a1267.dir/objects1.rsp]
  ignore line: [C:/msys64/usr/bin/cc.exe      -v -Wl,--whole-archive CMakeFiles/cmTC_a1267.dir/objects.a -Wl,--no-whole-archive  -o cmTC_a1267.exe -Wl,--out-implib,libcmTC_a1267.dll.a -Wl,--major-image-version,0,--minor-image-version,0   ]
  ignore line: [Using built-in specs.]
  ignore line: [COLLECT_GCC=C:/msys64/usr/bin/cc]
  ignore line: [COLLECT_LTO_WRAPPER=/usr/lib/gcc/x86_64-pc-msys/4.9.2/lto-wrapper.exe]
  ignore line: [Target: x86_64-pc-msys]
  ignore line: [Configured with: /build2/gcc/src/gcc-4.9.2/configure --build=x86_64-pc-msys --prefix=/usr --libexecdir=/usr/lib --enable-bootstrap --enable-shared --enable-shared-libgcc --enable-static --enable-version-specific-runtime-libs --with-arch=x86-64 --disable-multilib --with-tune=generic --enable-__cxa_atexit --with-dwarf2 --enable-languages=c,c++,fortran,lto --enable-graphite --enable-threads=posix --enable-libatomic --enable-libgomp --disable-libitm --enable-libquadmath --enable-libquadmath-support --enable-libssp --disable-win32-registry --disable-symvers --with-gnu-ld --with-gnu-as --disable-isl-version-check --enable-checking=release --without-libiconv-prefix --without-libintl-prefix --with-system-zlib]
  ignore line: [Thread model: posix]
  ignore line: [gcc version 4.9.2 (GCC) ]
  ignore line: [COMPILER_PATH=/usr/lib/gcc/x86_64-pc-msys/4.9.2/:/usr/lib/gcc/x86_64-pc-msys/4.9.2/:/usr/lib/gcc/x86_64-pc-msys/:/usr/lib/gcc/x86_64-pc-msys/4.9.2/:/usr/lib/gcc/x86_64-pc-msys/:/usr/lib/gcc/x86_64-pc-msys/4.9.2/../../../../x86_64-pc-msys/bin/]
  ignore line: [LIBRARY_PATH=/usr/lib/gcc/x86_64-pc-msys/4.9.2/:/usr/lib/gcc/x86_64-pc-msys/4.9.2/../../../../x86_64-pc-msys/lib/../lib/:/usr/lib/gcc/x86_64-pc-msys/4.9.2/../../../../lib/:/usr/lib/../lib/:/usr/lib/gcc/x86_64-pc-msys/4.9.2/../../../../x86_64-pc-msys/lib/:/usr/lib/gcc/x86_64-pc-msys/4.9.2/../../../:/usr/lib/]
  ignore line: [COLLECT_GCC_OPTIONS='-v' '-o' 'cmTC_a1267.exe' '-mtune=generic' '-march=x86-64']
  link line: [ /usr/lib/gcc/x86_64-pc-msys/4.9.2/collect2.exe -plugin /usr/lib/gcc/x86_64-pc-msys/4.9.2/msys-lto_plugin.dll -plugin-opt=/usr/lib/gcc/x86_64-pc-msys/4.9.2/lto-wrapper.exe -plugin-opt=-fresolution=/c/Users/Alex/AppData/Local/Temp/ccCChZD1.res -plugin-opt=-pass-through=-lgcc_s -plugin-opt=-pass-through=-lgcc -plugin-opt=-pass-through=-lmsys-2.0 -plugin-opt=-pass-through=-ladvapi32 -plugin-opt=-pass-through=-lshell32 -plugin-opt=-pass-through=-luser32 -plugin-opt=-pass-through=-lkernel32 -plugin-opt=-pass-through=-lgcc_s -plugin-opt=-pass-through=-lgcc -m i386pep --wrap _Znwm --wrap _Znam --wrap _ZdlPv --wrap _ZdaPv --wrap _ZnwmRKSt9nothrow_t --wrap _ZnamRKSt9nothrow_t --wrap _ZdlPvRKSt9nothrow_t --wrap _ZdaPvRKSt9nothrow_t -Bdynamic --dll-search-prefix=msys- --tsaware -o cmTC_a1267.exe /usr/lib/gcc/x86_64-pc-msys/4.9.2/../../../../lib/crt0.o /usr/lib/gcc/x86_64-pc-msys/4.9.2/crtbegin.o -L/usr/lib/gcc/x86_64-pc-msys/4.9.2 -L/usr/lib/gcc/x86_64-pc-msys/4.9.2/../../../../x86_64-pc-msys/lib/../lib -L/usr/lib/gcc/x86_64-pc-msys/4.9.2/../../../../lib -L/usr/lib/../lib -L/usr/lib/gcc/x86_64-pc-msys/4.9.2/../../../../x86_64-pc-msys/lib -L/usr/lib/gcc/x86_64-pc-msys/4.9.2/../../.. --whole-archive CMakeFiles/cmTC_a1267.dir/objects.a --no-whole-archive --out-implib libcmTC_a1267.dll.a --major-image-version 0 --minor-image-version 0 -lgcc_s --undefined=___deregister_frame_info --undefined=___register_frame_info -lgcc -lmsys-2.0 -ladvapi32 -lshell32 -luser32 -lkernel32 -lgcc_s --undefined=___deregister_frame_info --undefined=___register_frame_info -lgcc /usr/lib/gcc/x86_64-pc-msys/4.9.2/../../../../lib/default-manifest.o /usr/lib/gcc/x86_64-pc-msys/4.9.2/crtend.o]
    arg [/usr/lib/gcc/x86_64-pc-msys/4.9.2/collect2.exe] ==> ignore
    arg [-plugin] ==> ignore
    arg [/usr/lib/gcc/x86_64-pc-msys/4.9.2/msys-lto_plugin.dll] ==> ignore
    arg [-plugin-opt=/usr/lib/gcc/x86_64-pc-msys/4.9.2/lto-wrapper.exe] ==> ignore
    arg [-plugin-opt=-fresolution=/c/Users/Alex/AppData/Local/Temp/ccCChZD1.res] ==> ignore
    arg [-plugin-opt=-pass-through=-lgcc_s] ==> ignore
    arg [-plugin-opt=-pass-through=-lgcc] ==> ignore
    arg [-plugin-opt=-pass-through=-lmsys-2.0] ==> ignore
    arg [-plugin-opt=-pass-through=-ladvapi32] ==> ignore
    arg [-plugin-opt=-pass-through=-lshell32] ==> ignore
    arg [-plugin-opt=-pass-through=-luser32] ==> ignore
    arg [-plugin-opt=-pass-through=-lkernel32] ==> ignore
    arg [-plugin-opt=-pass-through=-lgcc_s] ==> ignore
    arg [-plugin-opt=-pass-through=-lgcc] ==> ignore
    arg [-m] ==> ignore
    arg [i386pep] ==> ignore
    arg [--wrap] ==> ignore
    arg [_Znwm] ==> ignore
    arg [--wrap] ==> ignore
    arg [_Znam] ==> ignore
    arg [--wrap] ==> ignore
    arg [_ZdlPv] ==> ignore
    arg [--wrap] ==> ignore
    arg [_ZdaPv] ==> ignore
    arg [--wrap] ==> ignore
    arg [_ZnwmRKSt9nothrow_t] ==> ignore
    arg [--wrap] ==> ignore
    arg [_ZnamRKSt9nothrow_t] ==> ignore
    arg [--wrap] ==> ignore
    arg [_ZdlPvRKSt9nothrow_t] ==> ignore
    arg [--wrap] ==> ignore
    arg [_ZdaPvRKSt9nothrow_t] ==> ignore
    arg [-Bdynamic] ==> ignore
    arg [--dll-search-prefix=msys-] ==> ignore
    arg [--tsaware] ==> ignore
    arg [-o] ==> ignore
    arg [cmTC_a1267.exe] ==> ignore
    arg [/usr/lib/gcc/x86_64-pc-msys/4.9.2/../../../../lib/crt0.o] ==> ignore
    arg [/usr/lib/gcc/x86_64-pc-msys/4.9.2/crtbegin.o] ==> ignore
    arg [-L/usr/lib/gcc/x86_64-pc-msys/4.9.2] ==> dir [/usr/lib/gcc/x86_64-pc-msys/4.9.2]
    arg [-L/usr/lib/gcc/x86_64-pc-msys/4.9.2/../../../../x86_64-pc-msys/lib/../lib] ==> dir [/usr/lib/gcc/x86_64-pc-msys/4.9.2/../../../../x86_64-pc-msys/lib/../lib]
    arg [-L/usr/lib/gcc/x86_64-pc-msys/4.9.2/../../../../lib] ==> dir [/usr/lib/gcc/x86_64-pc-msys/4.9.2/../../../../lib]
    arg [-L/usr/lib/../lib] ==> dir [/usr/lib/../lib]
    arg [-L/usr/lib/gcc/x86_64-pc-msys/4.9.2/../../../../x86_64-pc-msys/lib] ==> dir [/usr/lib/gcc/x86_64-pc-msys/4.9.2/../../../../x86_64-pc-msys/lib]
    arg [-L/usr/lib/gcc/x86_64-pc-msys/4.9.2/../../..] ==> dir [/usr/lib/gcc/x86_64-pc-msys/4.9.2/../../..]
    arg [--whole-archive] ==> ignore
    arg [CMakeFiles/cmTC_a1267.dir/objects.a] ==> ignore
    arg [--no-whole-archive] ==> ignore
    arg [--out-implib] ==> ignore
    arg [libcmTC_a1267.dll.a] ==> ignore
    arg [--major-image-version] ==> ignore
    arg [0] ==> ignore
    arg [--minor-image-version] ==> ignore
    arg [0] ==> ignore
    arg [-lgcc_s] ==> lib [gcc_s]
    arg [--undefined=___deregister_frame_info] ==> ignore
    arg [--undefined=___register_frame_info] ==> ignore
    arg [-lgcc] ==> lib [gcc]
    arg [-lmsys-2.0] ==> lib [msys-2.0]
    arg [-ladvapi32] ==> lib [advapi32]
    arg [-lshell32] ==> lib [shell32]
    arg [-luser32] ==> lib [user32]
    arg [-lkernel32] ==> lib [kernel32]
    arg [-lgcc_s] ==> lib [gcc_s]
    arg [--undefined=___deregister_frame_info] ==> ignore
    arg [--undefined=___register_frame_info] ==> ignore
    arg [-lgcc] ==> lib [gcc]
    arg [/usr/lib/gcc/x86_64-pc-msys/4.9.2/../../../../lib/default-manifest.o] ==> ignore
    arg [/usr/lib/gcc/x86_64-pc-msys/4.9.2/crtend.o] ==> ignore
  remove lib [gcc_s]
  remove lib [gcc]
  remove lib [gcc_s]
  remove lib [gcc]
  collapse library dir [/usr/lib/gcc/x86_64-pc-msys/4.9.2] ==> [/usr/lib/gcc/x86_64-pc-msys/4.9.2]
  collapse library dir [/usr/lib/gcc/x86_64-pc-msys/4.9.2/../../../../x86_64-pc-msys/lib/../lib] ==> [/usr/x86_64-pc-msys/lib]
  collapse library dir [/usr/lib/gcc/x86_64-pc-msys/4.9.2/../../../../lib] ==> [/usr/lib]
  collapse library dir [/usr/lib/../lib] ==> [/usr/lib]
  collapse library dir [/usr/lib/gcc/x86_64-pc-msys/4.9.2/../../../../x86_64-pc-msys/lib] ==> [/usr/x86_64-pc-msys/lib]
  collapse library dir [/usr/lib/gcc/x86_64-pc-msys/4.9.2/../../..] ==> [/usr/lib]
  implicit libs: [msys-2.0;advapi32;shell32;user32;kernel32]
  implicit dirs: [/usr/lib/gcc/x86_64-pc-msys/4.9.2;/usr/x86_64-pc-msys/lib;/usr/lib]
  implicit fwks: []


Determining if the CXX compiler works passed with the following output:
Change Dir: C:/Users/Alex/Dropbox/Development/Qt/LinearOptimization/lib/eigen3/build/CMakeFiles/CMakeTmp

Run Build Command:"C:/msys64/usr/bin/make.exe" "cmTC_0d95d/fast"
/usr/bin/make -f CMakeFiles/cmTC_0d95d.dir/build.make CMakeFiles/cmTC_0d95d.dir/build
make[1]: Entering directory '/c/Users/Alex/Dropbox/Development/Qt/LinearOptimization/lib/eigen3/build/CMakeFiles/CMakeTmp'
Building CXX object CMakeFiles/cmTC_0d95d.dir/testCXXCompiler.cxx.o
C:/msys64/usr/bin/c++.exe     -o CMakeFiles/cmTC_0d95d.dir/testCXXCompiler.cxx.o -c C:/Users/Alex/Dropbox/Development/Qt/LinearOptimization/lib/eigen3/build/CMakeFiles/CMakeTmp/testCXXCompiler.cxx
Linking CXX executable cmTC_0d95d.exe
C:/msys64/mingw64/bin/cmake.exe -E remove -f CMakeFiles/cmTC_0d95d.dir/objects.a
C:/msys64/usr/bin/ar.exe cr CMakeFiles/cmTC_0d95d.dir/objects.a @CMakeFiles/cmTC_0d95d.dir/objects1.rsp
C:/msys64/usr/bin/c++.exe       -Wl,--whole-archive CMakeFiles/cmTC_0d95d.dir/objects.a -Wl,--no-whole-archive  -o cmTC_0d95d.exe -Wl,--out-implib,libcmTC_0d95d.dll.a -Wl,--major-image-version,0,--minor-image-version,0  
make[1]: Leaving directory '/c/Users/Alex/Dropbox/Development/Qt/LinearOptimization/lib/eigen3/build/CMakeFiles/CMakeTmp'


Detecting CXX compiler ABI info compiled with the following output:
Change Dir: C:/Users/Alex/Dropbox/Development/Qt/LinearOptimization/lib/eigen3/build/CMakeFiles/CMakeTmp

Run Build Command:"C:/msys64/usr/bin/make.exe" "cmTC_0a10d/fast"
/usr/bin/make -f CMakeFiles/cmTC_0a10d.dir/build.make CMakeFiles/cmTC_0a10d.dir/build
make[1]: Entering directory '/c/Users/Alex/Dropbox/Development/Qt/LinearOptimization/lib/eigen3/build/CMakeFiles/CMakeTmp'
Building CXX object CMakeFiles/cmTC_0a10d.dir/CMakeCXXCompilerABI.cpp.o
C:/msys64/usr/bin/c++.exe     -o CMakeFiles/cmTC_0a10d.dir/CMakeCXXCompilerABI.cpp.o -c C:/msys64/mingw64/share/cmake-3.3/Modules/CMakeCXXCompilerABI.cpp
Linking CXX executable cmTC_0a10d.exe
C:/msys64/mingw64/bin/cmake.exe -E remove -f CMakeFiles/cmTC_0a10d.dir/objects.a
C:/msys64/usr/bin/ar.exe cr CMakeFiles/cmTC_0a10d.dir/objects.a @CMakeFiles/cmTC_0a10d.dir/objects1.rsp
C:/msys64/usr/bin/c++.exe      -v -Wl,--whole-archive CMakeFiles/cmTC_0a10d.dir/objects.a -Wl,--no-whole-archive  -o cmTC_0a10d.exe -Wl,--out-implib,libcmTC_0a10d.dll.a -Wl,--major-image-version,0,--minor-image-version,0   
Using built-in specs.
COLLECT_GCC=C:/msys64/usr/bin/c++
COLLECT_LTO_WRAPPER=/usr/lib/gcc/x86_64-pc-msys/4.9.2/lto-wrapper.exe
Target: x86_64-pc-msys
Configured with: /build2/gcc/src/gcc-4.9.2/configure --build=x86_64-pc-msys --prefix=/usr --libexecdir=/usr/lib --enable-bootstrap --enable-shared --enable-shared-libgcc --enable-static --enable-version-specific-runtime-libs --with-arch=x86-64 --disable-multilib --with-tune=generic --enable-__cxa_atexit --with-dwarf2 --enable-languages=c,c++,fortran,lto --enable-graphite --enable-threads=posix --enable-libatomic --enable-libgomp --disable-libitm --enable-libquadmath --enable-libquadmath-support --enable-libssp --disable-win32-registry --disable-symvers --with-gnu-ld --with-gnu-as --disable-isl-version-check --enable-checking=release --without-libiconv-prefix --without-libintl-prefix --with-system-zlib
Thread model: posix
gcc version 4.9.2 (GCC) 
COMPILER_PATH=/usr/lib/gcc/x86_64-pc-msys/4.9.2/:/usr/lib/gcc/x86_64-pc-msys/4.9.2/:/usr/lib/gcc/x86_64-pc-msys/:/usr/lib/gcc/x86_64-pc-msys/4.9.2/:/usr/lib/gcc/x86_64-pc-msys/:/usr/lib/gcc/x86_64-pc-msys/4.9.2/../../../../x86_64-pc-msys/bin/
LIBRARY_PATH=/usr/lib/gcc/x86_64-pc-msys/4.9.2/:/usr/lib/gcc/x86_64-pc-msys/4.9.2/../../../../x86_64-pc-msys/lib/../lib/:/usr/lib/gcc/x86_64-pc-msys/4.9.2/../../../../lib/:/usr/lib/../lib/:/usr/lib/gcc/x86_64-pc-msys/4.9.2/../../../../x86_64-pc-msys/lib/:/usr/lib/gcc/x86_64-pc-msys/4.9.2/../../../:/usr/lib/
COLLECT_GCC_OPTIONS='-v' '-o' 'cmTC_0a10d.exe' '-shared-libgcc' '-mtune=generic' '-march=x86-64'
 /usr/lib/gcc/x86_64-pc-msys/4.9.2/collect2.exe -plugin /usr/lib/gcc/x86_64-pc-msys/4.9.2/msys-lto_plugin.dll -plugin-opt=/usr/lib/gcc/x86_64-pc-msys/4.9.2/lto-wrapper.exe -plugin-opt=-fresolution=/c/Users/Alex/AppData/Local/Temp/ccCaK2Ns.res -plugin-opt=-pass-through=-lgcc_s -plugin-opt=-pass-through=-lgcc -plugin-opt=-pass-through=-lmsys-2.0 -plugin-opt=-pass-through=-ladvapi32 -plugin-opt=-pass-through=-lshell32 -plugin-opt=-pass-through=-luser32 -plugin-opt=-pass-through=-lkernel32 -plugin-opt=-pass-through=-lgcc_s -plugin-opt=-pass-through=-lgcc -m i386pep --wrap _Znwm --wrap _Znam --wrap _ZdlPv --wrap _ZdaPv --wrap _ZnwmRKSt9nothrow_t --wrap _ZnamRKSt9nothrow_t --wrap _ZdlPvRKSt9nothrow_t --wrap _ZdaPvRKSt9nothrow_t -Bdynamic --dll-search-prefix=msys- --tsaware -o cmTC_0a10d.exe /usr/lib/gcc/x86_64-pc-msys/4.9.2/../../../../lib/crt0.o /usr/lib/gcc/x86_64-pc-msys/4.9.2/crtbegin.o -L/usr/lib/gcc/x86_64-pc-msys/4.9.2 -L/usr/lib/gcc/x86_64-pc-msys/4.9.2/../../../../x86_64-pc-msys/lib/../lib -L/usr/lib/gcc/x86_64-pc-msys/4.9.2/../../../../lib -L/usr/lib/../lib -L/usr/lib/gcc/x86_64-pc-msys/4.9.2/../../../../x86_64-pc-msys/lib -L/usr/lib/gcc/x86_64-pc-msys/4.9.2/../../.. --whole-archive CMakeFiles/cmTC_0a10d.dir/objects.a --no-whole-archive --out-implib libcmTC_0a10d.dll.a --major-image-version 0 --minor-image-version 0 -lstdc++ -lgcc_s --undefined=___deregister_frame_info --undefined=___register_frame_info -lgcc -lmsys-2.0 -ladvapi32 -lshell32 -luser32 -lkernel32 -lgcc_s --undefined=___deregister_frame_info --undefined=___register_frame_info -lgcc /usr/lib/gcc/x86_64-pc-msys/4.9.2/../../../../lib/default-manifest.o /usr/lib/gcc/x86_64-pc-msys/4.9.2/crtend.o
make[1]: Leaving directory '/c/Users/Alex/Dropbox/Development/Qt/LinearOptimization/lib/eigen3/build/CMakeFiles/CMakeTmp'


Parsed CXX implicit link information from above output:
  link line regex: [^( *|.*[/\])(ld\.exe|([^/\]+-)?ld|collect2)[^/\]*( |$)]
  ignore line: [Change Dir: C:/Users/Alex/Dropbox/Development/Qt/LinearOptimization/lib/eigen3/build/CMakeFiles/CMakeTmp]
  ignore line: []
  ignore line: [Run Build Command:"C:/msys64/usr/bin/make.exe" "cmTC_0a10d/fast"]
  ignore line: [/usr/bin/make -f CMakeFiles/cmTC_0a10d.dir/build.make CMakeFiles/cmTC_0a10d.dir/build]
  ignore line: [make[1]: Entering directory '/c/Users/Alex/Dropbox/Development/Qt/LinearOptimization/lib/eigen3/build/CMakeFiles/CMakeTmp']
  ignore line: [Building CXX object CMakeFiles/cmTC_0a10d.dir/CMakeCXXCompilerABI.cpp.o]
  ignore line: [C:/msys64/usr/bin/c++.exe     -o CMakeFiles/cmTC_0a10d.dir/CMakeCXXCompilerABI.cpp.o -c C:/msys64/mingw64/share/cmake-3.3/Modules/CMakeCXXCompilerABI.cpp]
  ignore line: [Linking CXX executable cmTC_0a10d.exe]
  ignore line: [C:/msys64/mingw64/bin/cmake.exe -E remove -f CMakeFiles/cmTC_0a10d.dir/objects.a]
  ignore line: [C:/msys64/usr/bin/ar.exe cr CMakeFiles/cmTC_0a10d.dir/objects.a @CMakeFiles/cmTC_0a10d.dir/objects1.rsp]
  ignore line: [C:/msys64/usr/bin/c++.exe      -v -Wl,--whole-archive CMakeFiles/cmTC_0a10d.dir/objects.a -Wl,--no-whole-archive  -o cmTC_0a10d.exe -Wl,--out-implib,libcmTC_0a10d.dll.a -Wl,--major-image-version,0,--minor-image-version,0   ]
  ignore line: [Using built-in specs.]
  ignore line: [COLLECT_GCC=C:/msys64/usr/bin/c++]
  ignore line: [COLLECT_LTO_WRAPPER=/usr/lib/gcc/x86_64-pc-msys/4.9.2/lto-wrapper.exe]
  ignore line: [Target: x86_64-pc-msys]
  ignore line: [Configured with: /build2/gcc/src/gcc-4.9.2/configure --build=x86_64-pc-msys --prefix=/usr --libexecdir=/usr/lib --enable-bootstrap --enable-shared --enable-shared-libgcc --enable-static --enable-version-specific-runtime-libs --with-arch=x86-64 --disable-multilib --with-tune=generic --enable-__cxa_atexit --with-dwarf2 --enable-languages=c,c++,fortran,lto --enable-graphite --enable-threads=posix --enable-libatomic --enable-libgomp --disable-libitm --enable-libquadmath --enable-libquadmath-support --enable-libssp --disable-win32-registry --disable-symvers --with-gnu-ld --with-gnu-as --disable-isl-version-check --enable-checking=release --without-libiconv-prefix --without-libintl-prefix --with-system-zlib]
  ignore line: [Thread model: posix]
  ignore line: [gcc version 4.9.2 (GCC) ]
  ignore line: [COMPILER_PATH=/usr/lib/gcc/x86_64-pc-msys/4.9.2/:/usr/lib/gcc/x86_64-pc-msys/4.9.2/:/usr/lib/gcc/x86_64-pc-msys/:/usr/lib/gcc/x86_64-pc-msys/4.9.2/:/usr/lib/gcc/x86_64-pc-msys/:/usr/lib/gcc/x86_64-pc-msys/4.9.2/../../../../x86_64-pc-msys/bin/]
  ignore line: [LIBRARY_PATH=/usr/lib/gcc/x86_64-pc-msys/4.9.2/:/usr/lib/gcc/x86_64-pc-msys/4.9.2/../../../../x86_64-pc-msys/lib/../lib/:/usr/lib/gcc/x86_64-pc-msys/4.9.2/../../../../lib/:/usr/lib/../lib/:/usr/lib/gcc/x86_64-pc-msys/4.9.2/../../../../x86_64-pc-msys/lib/:/usr/lib/gcc/x86_64-pc-msys/4.9.2/../../../:/usr/lib/]
  ignore line: [COLLECT_GCC_OPTIONS='-v' '-o' 'cmTC_0a10d.exe' '-shared-libgcc' '-mtune=generic' '-march=x86-64']
  link line: [ /usr/lib/gcc/x86_64-pc-msys/4.9.2/collect2.exe -plugin /usr/lib/gcc/x86_64-pc-msys/4.9.2/msys-lto_plugin.dll -plugin-opt=/usr/lib/gcc/x86_64-pc-msys/4.9.2/lto-wrapper.exe -plugin-opt=-fresolution=/c/Users/Alex/AppData/Local/Temp/ccCaK2Ns.res -plugin-opt=-pass-through=-lgcc_s -plugin-opt=-pass-through=-lgcc -plugin-opt=-pass-through=-lmsys-2.0 -plugin-opt=-pass-through=-ladvapi32 -plugin-opt=-pass-through=-lshell32 -plugin-opt=-pass-through=-luser32 -plugin-opt=-pass-through=-lkernel32 -plugin-opt=-pass-through=-lgcc_s -plugin-opt=-pass-through=-lgcc -m i386pep --wrap _Znwm --wrap _Znam --wrap _ZdlPv --wrap _ZdaPv --wrap _ZnwmRKSt9nothrow_t --wrap _ZnamRKSt9nothrow_t --wrap _ZdlPvRKSt9nothrow_t --wrap _ZdaPvRKSt9nothrow_t -Bdynamic --dll-search-prefix=msys- --tsaware -o cmTC_0a10d.exe /usr/lib/gcc/x86_64-pc-msys/4.9.2/../../../../lib/crt0.o /usr/lib/gcc/x86_64-pc-msys/4.9.2/crtbegin.o -L/usr/lib/gcc/x86_64-pc-msys/4.9.2 -L/usr/lib/gcc/x86_64-pc-msys/4.9.2/../../../../x86_64-pc-msys/lib/../lib -L/usr/lib/gcc/x86_64-pc-msys/4.9.2/../../../../lib -L/usr/lib/../lib -L/usr/lib/gcc/x86_64-pc-msys/4.9.2/../../../../x86_64-pc-msys/lib -L/usr/lib/gcc/x86_64-pc-msys/4.9.2/../../.. --whole-archive CMakeFiles/cmTC_0a10d.dir/objects.a --no-whole-archive --out-implib libcmTC_0a10d.dll.a --major-image-version 0 --minor-image-version 0 -lstdc++ -lgcc_s --undefined=___deregister_frame_info --undefined=___register_frame_info -lgcc -lmsys-2.0 -ladvapi32 -lshell32 -luser32 -lkernel32 -lgcc_s --undefined=___deregister_frame_info --undefined=___register_frame_info -lgcc /usr/lib/gcc/x86_64-pc-msys/4.9.2/../../../../lib/default-manifest.o /usr/lib/gcc/x86_64-pc-msys/4.9.2/crtend.o]
    arg [/usr/lib/gcc/x86_64-pc-msys/4.9.2/collect2.exe] ==> ignore
    arg [-plugin] ==> ignore
    arg [/usr/lib/gcc/x86_64-pc-msys/4.9.2/msys-lto_plugin.dll] ==> ignore
    arg [-plugin-opt=/usr/lib/gcc/x86_64-pc-msys/4.9.2/lto-wrapper.exe] ==> ignore
    arg [-plugin-opt=-fresolution=/c/Users/Alex/AppData/Local/Temp/ccCaK2Ns.res] ==> ignore
    arg [-plugin-opt=-pass-through=-lgcc_s] ==> ignore
    arg [-plugin-opt=-pass-through=-lgcc] ==> ignore
    arg [-plugin-opt=-pass-through=-lmsys-2.0] ==> ignore
    arg [-plugin-opt=-pass-through=-ladvapi32] ==> ignore
    arg [-plugin-opt=-pass-through=-lshell32] ==> ignore
    arg [-plugin-opt=-pass-through=-luser32] ==> ignore
    arg [-plugin-opt=-pass-through=-lkernel32] ==> ignore
    arg [-plugin-opt=-pass-through=-lgcc_s] ==> ignore
    arg [-plugin-opt=-pass-through=-lgcc] ==> ignore
    arg [-m] ==> ignore
    arg [i386pep] ==> ignore
    arg [--wrap] ==> ignore
    arg [_Znwm] ==> ignore
    arg [--wrap] ==> ignore
    arg [_Znam] ==> ignore
    arg [--wrap] ==> ignore
    arg [_ZdlPv] ==> ignore
    arg [--wrap] ==> ignore
    arg [_ZdaPv] ==> ignore
    arg [--wrap] ==> ignore
    arg [_ZnwmRKSt9nothrow_t] ==> ignore
    arg [--wrap] ==> ignore
    arg [_ZnamRKSt9nothrow_t] ==> ignore
    arg [--wrap] ==> ignore
    arg [_ZdlPvRKSt9nothrow_t] ==> ignore
    arg [--wrap] ==> ignore
    arg [_ZdaPvRKSt9nothrow_t] ==> ignore
    arg [-Bdynamic] ==> ignore
    arg [--dll-search-prefix=msys-] ==> ignore
    arg [--tsaware] ==> ignore
    arg [-o] ==> ignore
    arg [cmTC_0a10d.exe] ==> ignore
    arg [/usr/lib/gcc/x86_64-pc-msys/4.9.2/../../../../lib/crt0.o] ==> ignore
    arg [/usr/lib/gcc/x86_64-pc-msys/4.9.2/crtbegin.o] ==> ignore
    arg [-L/usr/lib/gcc/x86_64-pc-msys/4.9.2] ==> dir [/usr/lib/gcc/x86_64-pc-msys/4.9.2]
    arg [-L/usr/lib/gcc/x86_64-pc-msys/4.9.2/../../../../x86_64-pc-msys/lib/../lib] ==> dir [/usr/lib/gcc/x86_64-pc-msys/4.9.2/../../../../x86_64-pc-msys/lib/../lib]
    arg [-L/usr/lib/gcc/x86_64-pc-msys/4.9.2/../../../../lib] ==> dir [/usr/lib/gcc/x86_64-pc-msys/4.9.2/../../../../lib]
    arg [-L/usr/lib/../lib] ==> dir [/usr/lib/../lib]
    arg [-L/usr/lib/gcc/x86_64-pc-msys/4.9.2/../../../../x86_64-pc-msys/lib] ==> dir [/usr/lib/gcc/x86_64-pc-msys/4.9.2/../../../../x86_64-pc-msys/lib]
    arg [-L/usr/lib/gcc/x86_64-pc-msys/4.9.2/../../..] ==> dir [/usr/lib/gcc/x86_64-pc-msys/4.9.2/../../..]
    arg [--whole-archive] ==> ignore
    arg [CMakeFiles/cmTC_0a10d.dir/objects.a] ==> ignore
    arg [--no-whole-archive] ==> ignore
    arg [--out-implib] ==> ignore
    arg [libcmTC_0a10d.dll.a] ==> ignore
    arg [--major-image-version] ==> ignore
    arg [0] ==> ignore
    arg [--minor-image-version] ==> ignore
    arg [0] ==> ignore
    arg [-lstdc++] ==> lib [stdc++]
    arg [-lgcc_s] ==> lib [gcc_s]
    arg [--undefined=___deregister_frame_info] ==> ignore
    arg [--undefined=___register_frame_info] ==> ignore
    arg [-lgcc] ==> lib [gcc]
    arg [-lmsys-2.0] ==> lib [msys-2.0]
    arg [-ladvapi32] ==> lib [advapi32]
    arg [-lshell32] ==> lib [shell32]
    arg [-luser32] ==> lib [user32]
    arg [-lkernel32] ==> lib [kernel32]
    arg [-lgcc_s] ==> lib [gcc_s]
    arg [--undefined=___deregister_frame_info] ==> ignore
    arg [--undefined=___register_frame_info] ==> ignore
    arg [-lgcc] ==> lib [gcc]
    arg [/usr/lib/gcc/x86_64-pc-msys/4.9.2/../../../../lib/default-manifest.o] ==> ignore
    arg [/usr/lib/gcc/x86_64-pc-msys/4.9.2/crtend.o] ==> ignore
  remove lib [gcc_s]
  remove lib [gcc]
  remove lib [gcc_s]
  remove lib [gcc]
  collapse library dir [/usr/lib/gcc/x86_64-pc-msys/4.9.2] ==> [/usr/lib/gcc/x86_64-pc-msys/4.9.2]
  collapse library dir [/usr/lib/gcc/x86_64-pc-msys/4.9.2/../../../../x86_64-pc-msys/lib/../lib] ==> [/usr/x86_64-pc-msys/lib]
  collapse library dir [/usr/lib/gcc/x86_64-pc-msys/4.9.2/../../../../lib] ==> [/usr/lib]
  collapse library dir [/usr/lib/../lib] ==> [/usr/lib]
  collapse library dir [/usr/lib/gcc/x86_64-pc-msys/4.9.2/../../../../x86_64-pc-msys/lib] ==> [/usr/x86_64-pc-msys/lib]
  collapse library dir [/usr/lib/gcc/x86_64-pc-msys/4.9.2/../../..] ==> [/usr/lib]
  implicit libs: [stdc++;msys-2.0;advapi32;shell32;user32;kernel32]
  implicit dirs: [/usr/lib/gcc/x86_64-pc-msys/4.9.2;/usr/x86_64-pc-msys/lib;/usr/lib]
  implicit fwks: []




Detecting CXX [-std=c++14] compiler features compiled with the following output:
Change Dir: C:/Users/Alex/Dropbox/Development/Qt/LinearOptimization/lib/eigen3/build/CMakeFiles/CMakeTmp

Run Build Command:"C:/msys64/usr/bin/make.exe" "cmTC_127ed/fast"
/usr/bin/make -f CMakeFiles/cmTC_127ed.dir/build.make CMakeFiles/cmTC_127ed.dir/build
make[1]: Entering directory '/c/Users/Alex/Dropbox/Development/Qt/LinearOptimization/lib/eigen3/build/CMakeFiles/CMakeTmp'
Building CXX object CMakeFiles/cmTC_127ed.dir/feature_tests.cxx.o
C:/msys64/usr/bin/c++.exe    -std=c++14 -o CMakeFiles/cmTC_127ed.dir/feature_tests.cxx.o -c C:/Users/Alex/Dropbox/Development/Qt/LinearOptimization/lib/eigen3/build/CMakeFiles/feature_tests.cxx
Linking CXX executable cmTC_127ed.exe
C:/msys64/mingw64/bin/cmake.exe -E remove -f CMakeFiles/cmTC_127ed.dir/objects.a
C:/msys64/usr/bin/ar.exe cr CMakeFiles/cmTC_127ed.dir/objects.a @CMakeFiles/cmTC_127ed.dir/objects1.rsp
C:/msys64/usr/bin/c++.exe       -Wl,--whole-archive CMakeFiles/cmTC_127ed.dir/objects.a -Wl,--no-whole-archive  -o cmTC_127ed.exe -Wl,--out-implib,libcmTC_127ed.dll.a -Wl,--major-image-version,0,--minor-image-version,0  
make[1]: Leaving directory '/c/Users/Alex/Dropbox/Development/Qt/LinearOptimization/lib/eigen3/build/CMakeFiles/CMakeTmp'


    Feature record: CXX_FEATURE:0cxx_aggregate_default_initializers
    Feature record: CXX_FEATURE:1cxx_alias_templates
    Feature record: CXX_FEATURE:1cxx_alignas
    Feature record: CXX_FEATURE:1cxx_alignof
    Feature record: CXX_FEATURE:1cxx_attributes
    Feature record: CXX_FEATURE:1cxx_attribute_deprecated
    Feature record: CXX_FEATURE:1cxx_auto_type
    Feature record: CXX_FEATURE:1cxx_binary_literals
    Feature record: CXX_FEATURE:1cxx_constexpr
    Feature record: CXX_FEATURE:1cxx_contextual_conversions
    Feature record: CXX_FEATURE:1cxx_decltype
    Feature record: CXX_FEATURE:1cxx_decltype_auto
    Feature record: CXX_FEATURE:1cxx_decltype_incomplete_return_types
    Feature record: CXX_FEATURE:1cxx_default_function_template_args
    Feature record: CXX_FEATURE:1cxx_defaulted_functions
    Feature record: CXX_FEATURE:1cxx_defaulted_move_initializers
    Feature record: CXX_FEATURE:1cxx_delegating_constructors
    Feature record: CXX_FEATURE:1cxx_deleted_functions
    Feature record: CXX_FEATURE:1cxx_digit_separators
    Feature record: CXX_FEATURE:1cxx_enum_forward_declarations
    Feature record: CXX_FEATURE:1cxx_explicit_conversions
    Feature record: CXX_FEATURE:1cxx_extended_friend_declarations
    Feature record: CXX_FEATURE:1cxx_extern_templates
    Feature record: CXX_FEATURE:1cxx_final
    Feature record: CXX_FEATURE:1cxx_func_identifier
    Feature record: CXX_FEATURE:1cxx_generalized_initializers
    Feature record: CXX_FEATURE:1cxx_generic_lambdas
    Feature record: CXX_FEATURE:1cxx_inheriting_constructors
    Feature record: CXX_FEATURE:1cxx_inline_namespaces
    Feature record: CXX_FEATURE:1cxx_lambdas
    Feature record: CXX_FEATURE:1cxx_lambda_init_captures
    Feature record: CXX_FEATURE:1cxx_local_type_template_args
    Feature record: CXX_FEATURE:1cxx_long_long_type
    Feature record: CXX_FEATURE:1cxx_noexcept
    Feature record: CXX_FEATURE:1cxx_nonstatic_member_init
    Feature record: CXX_FEATURE:1cxx_nullptr
    Feature record: CXX_FEATURE:1cxx_override
    Feature record: CXX_FEATURE:1cxx_range_for
    Feature record: CXX_FEATURE:1cxx_raw_string_literals
    Feature record: CXX_FEATURE:1cxx_reference_qualified_functions
    Feature record: CXX_FEATURE:0cxx_relaxed_constexpr
    Feature record: CXX_FEATURE:1cxx_return_type_deduction
    Feature record: CXX_FEATURE:1cxx_right_angle_brackets
    Feature record: CXX_FEATURE:1cxx_rvalue_references
    Feature record: CXX_FEATURE:1cxx_sizeof_member
    Feature record: CXX_FEATURE:1cxx_static_assert
    Feature record: CXX_FEATURE:1cxx_strong_enums
    Feature record: CXX_FEATURE:1cxx_template_template_parameters
    Feature record: CXX_FEATURE:1cxx_thread_local
    Feature record: CXX_FEATURE:1cxx_trailing_return_types
    Feature record: CXX_FEATURE:1cxx_unicode_literals
    Feature record: CXX_FEATURE:1cxx_uniform_initialization
    Feature record: CXX_FEATURE:1cxx_unrestricted_unions
    Feature record: CXX_FEATURE:1cxx_user_literals
    Feature record: CXX_FEATURE:0cxx_variable_templates
    Feature record: CXX_FEATURE:1cxx_variadic_macros
    Feature record: CXX_FEATURE:1cxx_variadic_templates


Detecting CXX [-std=c++11] compiler features compiled with the following output:
Change Dir: C:/Users/Alex/Dropbox/Development/Qt/LinearOptimization/lib/eigen3/build/CMakeFiles/CMakeTmp

Run Build Command:"C:/msys64/usr/bin/make.exe" "cmTC_72ca0/fast"
/usr/bin/make -f CMakeFiles/cmTC_72ca0.dir/build.make CMakeFiles/cmTC_72ca0.dir/build
make[1]: Entering directory '/c/Users/Alex/Dropbox/Development/Qt/LinearOptimization/lib/eigen3/build/CMakeFiles/CMakeTmp'
Building CXX object CMakeFiles/cmTC_72ca0.dir/feature_tests.cxx.o
C:/msys64/usr/bin/c++.exe    -std=c++11 -o CMakeFiles/cmTC_72ca0.dir/feature_tests.cxx.o -c C:/Users/Alex/Dropbox/Development/Qt/LinearOptimization/lib/eigen3/build/CMakeFiles/feature_tests.cxx
Linking CXX executable cmTC_72ca0.exe
C:/msys64/mingw64/bin/cmake.exe -E remove -f CMakeFiles/cmTC_72ca0.dir/objects.a
C:/msys64/usr/bin/ar.exe cr CMakeFiles/cmTC_72ca0.dir/objects.a @CMakeFiles/cmTC_72ca0.dir/objects1.rsp
C:/msys64/usr/bin/c++.exe       -Wl,--whole-archive CMakeFiles/cmTC_72ca0.dir/objects.a -Wl,--no-whole-archive  -o cmTC_72ca0.exe -Wl,--out-implib,libcmTC_72ca0.dll.a -Wl,--major-image-version,0,--minor-image-version,0  
make[1]: Leaving directory '/c/Users/Alex/Dropbox/Development/Qt/LinearOptimization/lib/eigen3/build/CMakeFiles/CMakeTmp'


    Feature record: CXX_FEATURE:0cxx_aggregate_default_initializers
    Feature record: CXX_FEATURE:1cxx_alias_templates
    Feature record: CXX_FEATURE:1cxx_alignas
    Feature record: CXX_FEATURE:1cxx_alignof
    Feature record: CXX_FEATURE:1cxx_attributes
    Feature record: CXX_FEATURE:0cxx_attribute_deprecated
    Feature record: CXX_FEATURE:1cxx_auto_type
    Feature record: CXX_FEATURE:0cxx_binary_literals
    Feature record: CXX_FEATURE:1cxx_constexpr
    Feature record: CXX_FEATURE:0cxx_contextual_conversions
    Feature record: CXX_FEATURE:1cxx_decltype
    Feature record: CXX_FEATURE:0cxx_decltype_auto
    Feature record: CXX_FEATURE:1cxx_decltype_incomplete_return_types
    Feature record: CXX_FEATURE:1cxx_default_function_template_args
    Feature record: CXX_FEATURE:1cxx_defaulted_functions
    Feature record: CXX_FEATURE:1cxx_defaulted_move_initializers
    Feature record: CXX_FEATURE:1cxx_delegating_constructors
    Feature record: CXX_FEATURE:1cxx_deleted_functions
    Feature record: CXX_FEATURE:0cxx_digit_separators
    Feature record: CXX_FEATURE:1cxx_enum_forward_declarations
    Feature record: CXX_FEATURE:1cxx_explicit_conversions
    Feature record: CXX_FEATURE:1cxx_extended_friend_declarations
    Feature record: CXX_FEATURE:1cxx_extern_templates
    Feature record: CXX_FEATURE:1cxx_final
    Feature record: CXX_FEATURE:1cxx_func_identifier
    Feature record: CXX_FEATURE:1cxx_generalized_initializers
    Feature record: CXX_FEATURE:0cxx_generic_lambdas
    Feature record: CXX_FEATURE:1cxx_inheriting_constructors
    Feature record: CXX_FEATURE:1cxx_inline_namespaces
    Feature record: CXX_FEATURE:1cxx_lambdas
    Feature record: CXX_FEATURE:0cxx_lambda_init_captures
    Feature record: CXX_FEATURE:1cxx_local_type_template_args
    Feature record: CXX_FEATURE:1cxx_long_long_type
    Feature record: CXX_FEATURE:1cxx_noexcept
    Feature record: CXX_FEATURE:1cxx_nonstatic_member_init
    Feature record: CXX_FEATURE:1cxx_nullptr
    Feature record: CXX_FEATURE:1cxx_override
    Feature record: CXX_FEATURE:1cxx_range_for
    Feature record: CXX_FEATURE:1cxx_raw_string_literals
    Feature record: CXX_FEATURE:1cxx_reference_qualified_functions
    Feature record: CXX_FEATURE:0cxx_relaxed_constexpr
    Feature record: CXX_FEATURE:0cxx_return_type_deduction
    Feature record: CXX_FEATURE:1cxx_right_angle_brackets
    Feature record: CXX_FEATURE:1cxx_rvalue_references
    Feature record: CXX_FEATURE:1cxx_sizeof_member
    Feature record: CXX_FEATURE:1cxx_static_assert
    Feature record: CXX_FEATURE:1cxx_strong_enums
    Feature record: CXX_FEATURE:1cxx_template_template_parameters
    Feature record: CXX_FEATURE:1cxx_thread_local
    Feature record: CXX_FEATURE:1cxx_trailing_return_types
    Feature record: CXX_FEATURE:1cxx_unicode_literals
    Feature record: CXX_FEATURE:1cxx_uniform_initialization
    Feature record: CXX_FEATURE:1cxx_unrestricted_unions
    Feature record: CXX_FEATURE:1cxx_user_literals
    Feature record: CXX_FEATURE:0cxx_variable_templates
    Feature record: CXX_FEATURE:1cxx_variadic_macros
    Feature record: CXX_FEATURE:1cxx_variadic_templates


Detecting CXX [-std=c++98] compiler features compiled with the following output:
Change Dir: C:/Users/Alex/Dropbox/Development/Qt/LinearOptimization/lib/eigen3/build/CMakeFiles/CMakeTmp

Run Build Command:"C:/msys64/usr/bin/make.exe" "cmTC_bb9c0/fast"
/usr/bin/make -f CMakeFiles/cmTC_bb9c0.dir/build.make CMakeFiles/cmTC_bb9c0.dir/build
make[1]: Entering directory '/c/Users/Alex/Dropbox/Development/Qt/LinearOptimization/lib/eigen3/build/CMakeFiles/CMakeTmp'
Building CXX object CMakeFiles/cmTC_bb9c0.dir/feature_tests.cxx.o
C:/msys64/usr/bin/c++.exe    -std=c++98 -o CMakeFiles/cmTC_bb9c0.dir/feature_tests.cxx.o -c C:/Users/Alex/Dropbox/Development/Qt/LinearOptimization/lib/eigen3/build/CMakeFiles/feature_tests.cxx
Linking CXX executable cmTC_bb9c0.exe
C:/msys64/mingw64/bin/cmake.exe -E remove -f CMakeFiles/cmTC_bb9c0.dir/objects.a
C:/msys64/usr/bin/ar.exe cr CMakeFiles/cmTC_bb9c0.dir/objects.a @CMakeFiles/cmTC_bb9c0.dir/objects1.rsp
C:/msys64/usr/bin/c++.exe       -Wl,--whole-archive CMakeFiles/cmTC_bb9c0.dir/objects.a -Wl,--no-whole-archive  -o cmTC_bb9c0.exe -Wl,--out-implib,libcmTC_bb9c0.dll.a -Wl,--major-image-version,0,--minor-image-version,0  
make[1]: Leaving directory '/c/Users/Alex/Dropbox/Development/Qt/LinearOptimization/lib/eigen3/build/CMakeFiles/CMakeTmp'


    Feature record: CXX_FEATURE:0cxx_aggregate_default_initializers
    Feature record: CXX_FEATURE:0cxx_alias_templates
    Feature record: CXX_FEATURE:0cxx_alignas
    Feature record: CXX_FEATURE:0cxx_alignof
    Feature record: CXX_FEATURE:0cxx_attributes
    Feature record: CXX_FEATURE:0cxx_attribute_deprecated
    Feature record: CXX_FEATURE:0cxx_auto_type
    Feature record: CXX_FEATURE:0cxx_binary_literals
    Feature record: CXX_FEATURE:0cxx_constexpr
    Feature record: CXX_FEATURE:0cxx_contextual_conversions
    Feature record: CXX_FEATURE:0cxx_decltype
    Feature record: CXX_FEATURE:0cxx_decltype_auto
    Feature record: CXX_FEATURE:0cxx_decltype_incomplete_return_types
    Feature record: CXX_FEATURE:0cxx_default_function_template_args
    Feature record: CXX_FEATURE:0cxx_defaulted_functions
    Feature record: CXX_FEATURE:0cxx_defaulted_move_initializers
    Feature record: CXX_FEATURE:0cxx_delegating_constructors
    Feature record: CXX_FEATURE:0cxx_deleted_functions
    Feature record: CXX_FEATURE:0cxx_digit_separators
    Feature record: CXX_FEATURE:0cxx_enum_forward_declarations
    Feature record: CXX_FEATURE:0cxx_explicit_conversions
    Feature record: CXX_FEATURE:0cxx_extended_friend_declarations
    Feature record: CXX_FEATURE:0cxx_extern_templates
    Feature record: CXX_FEATURE:0cxx_final
    Feature record: CXX_FEATURE:0cxx_func_identifier
    Feature record: CXX_FEATURE:0cxx_generalized_initializers
    Feature record: CXX_FEATURE:0cxx_generic_lambdas
    Feature record: CXX_FEATURE:0cxx_inheriting_constructors
    Feature record: CXX_FEATURE:0cxx_inline_namespaces
    Feature record: CXX_FEATURE:0cxx_lambdas
    Feature record: CXX_FEATURE:0cxx_lambda_init_captures
    Feature record: CXX_FEATURE:0cxx_local_type_template_args
    Feature record: CXX_FEATURE:0cxx_long_long_type
    Feature record: CXX_FEATURE:0cxx_noexcept
    Feature record: CXX_FEATURE:0cxx_nonstatic_member_init
    Feature record: CXX_FEATURE:0cxx_nullptr
    Feature record: CXX_FEATURE:0cxx_override
    Feature record: CXX_FEATURE:0cxx_range_for
    Feature record: CXX_FEATURE:0cxx_raw_string_literals
    Feature record: CXX_FEATURE:0cxx_reference_qualified_functions
    Feature record: CXX_FEATURE:0cxx_relaxed_constexpr
    Feature record: CXX_FEATURE:0cxx_return_type_deduction
    Feature record: CXX_FEATURE:0cxx_right_angle_brackets
    Feature record: CXX_FEATURE:0cxx_rvalue_references
    Feature record: CXX_FEATURE:0cxx_sizeof_member
    Feature record: CXX_FEATURE:0cxx_static_assert
    Feature record: CXX_FEATURE:0cxx_strong_enums
    Feature record: CXX_FEATURE:1cxx_template_template_parameters
    Feature record: CXX_FEATURE:0cxx_thread_local
    Feature record: CXX_FEATURE:0cxx_trailing_return_types
    Feature record: CXX_FEATURE:0cxx_unicode_literals
    Feature record: CXX_FEATURE:0cxx_uniform_initialization
    Feature record: CXX_FEATURE:0cxx_unrestricted_unions
    Feature record: CXX_FEATURE:0cxx_user_literals
    Feature record: CXX_FEATURE:0cxx_variable_templates
    Feature record: CXX_FEATURE:0cxx_variadic_macros
    Feature record: CXX_FEATURE:0cxx_variadic_templates
Performing C++ SOURCE FILE Test standard_math_library_linked_to_automatically succeded with the following output:
Change Dir: C:/Users/Alex/Dropbox/Development/Qt/LinearOptimization/lib/eigen3/build/CMakeFiles/CMakeTmp

Run Build Command:"C:/msys64/usr/bin/make.exe" "cmTC_9012b/fast"
/usr/bin/make -f CMakeFiles/cmTC_9012b.dir/build.make CMakeFiles/cmTC_9012b.dir/build
make[1]: Entering directory '/c/Users/Alex/Dropbox/Development/Qt/LinearOptimization/lib/eigen3/build/CMakeFiles/CMakeTmp'
Building CXX object CMakeFiles/cmTC_9012b.dir/src.cxx.o
C:/msys64/usr/bin/c++.exe    -Dstandard_math_library_linked_to_automatically   -o CMakeFiles/cmTC_9012b.dir/src.cxx.o -c C:/Users/Alex/Dropbox/Development/Qt/LinearOptimization/lib/eigen3/build/CMakeFiles/CMakeTmp/src.cxx
Linking CXX executable cmTC_9012b.exe
C:/msys64/mingw64/bin/cmake.exe -E remove -f CMakeFiles/cmTC_9012b.dir/objects.a
C:/msys64/usr/bin/ar.exe cr CMakeFiles/cmTC_9012b.dir/objects.a @CMakeFiles/cmTC_9012b.dir/objects1.rsp
C:/msys64/usr/bin/c++.exe   -Dstandard_math_library_linked_to_automatically    -Wl,--whole-archive CMakeFiles/cmTC_9012b.dir/objects.a -Wl,--no-whole-archive  -o cmTC_9012b.exe -Wl,--out-implib,libcmTC_9012b.dll.a -Wl,--major-image-version,0,--minor-image-version,0  
make[1]: Leaving directory '/c/Users/Alex/Dropbox/Development/Qt/LinearOptimization/lib/eigen3/build/CMakeFiles/CMakeTmp'

Source file was:
#include<cmath>
int main() { std::sin(0.0); std::log(0.0f); }
Performing C++ SOURCE FILE Test COMPILER_SUPPORT_WERROR succeded with the following output:
Change Dir: C:/Users/Alex/Dropbox/Development/Qt/LinearOptimization/lib/eigen3/build/CMakeFiles/CMakeTmp

Run Build Command:"C:/msys64/usr/bin/make.exe" "cmTC_a42c6/fast"
/usr/bin/make -f CMakeFiles/cmTC_a42c6.dir/build.make CMakeFiles/cmTC_a42c6.dir/build
make[1]: Entering directory '/c/Users/Alex/Dropbox/Development/Qt/LinearOptimization/lib/eigen3/build/CMakeFiles/CMakeTmp'
Building CXX object CMakeFiles/cmTC_a42c6.dir/src.cxx.o
C:/msys64/usr/bin/c++.exe    -fexceptions -DCOMPILER_SUPPORT_WERROR   -Werror -o CMakeFiles/cmTC_a42c6.dir/src.cxx.o -c C:/Users/Alex/Dropbox/Development/Qt/LinearOptimization/lib/eigen3/build/CMakeFiles/CMakeTmp/src.cxx
Linking CXX executable cmTC_a42c6.exe
C:/msys64/mingw64/bin/cmake.exe -E remove -f CMakeFiles/cmTC_a42c6.dir/objects.a
C:/msys64/usr/bin/ar.exe cr CMakeFiles/cmTC_a42c6.dir/objects.a @CMakeFiles/cmTC_a42c6.dir/objects1.rsp
C:/msys64/usr/bin/c++.exe   -fexceptions -DCOMPILER_SUPPORT_WERROR    -Wl,--whole-archive CMakeFiles/cmTC_a42c6.dir/objects.a -Wl,--no-whole-archive  -o cmTC_a42c6.exe -Wl,--out-implib,libcmTC_a42c6.dll.a -Wl,--major-image-version,0,--minor-image-version,0  
make[1]: Leaving directory '/c/Users/Alex/Dropbox/Development/Qt/LinearOptimization/lib/eigen3/build/CMakeFiles/CMakeTmp'

Source file was:
int main() { return 0; }
Performing C++ SOURCE FILE Test COMPILER_SUPPORT_pedantic succeded with the following output:
Change Dir: C:/Users/Alex/Dropbox/Development/Qt/LinearOptimization/lib/eigen3/build/CMakeFiles/CMakeTmp

Run Build Command:"C:/msys64/usr/bin/make.exe" "cmTC_821fc/fast"
/usr/bin/make -f CMakeFiles/cmTC_821fc.dir/build.make CMakeFiles/cmTC_821fc.dir/build
make[1]: Entering directory '/c/Users/Alex/Dropbox/Development/Qt/LinearOptimization/lib/eigen3/build/CMakeFiles/CMakeTmp'
Building CXX object CMakeFiles/cmTC_821fc.dir/src.cxx.o
C:/msys64/usr/bin/c++.exe    -fexceptions -DCOMPILER_SUPPORT_pedantic -Werror   -pedantic -o CMakeFiles/cmTC_821fc.dir/src.cxx.o -c C:/Users/Alex/Dropbox/Development/Qt/LinearOptimization/lib/eigen3/build/CMakeFiles/CMakeTmp/src.cxx
Linking CXX executable cmTC_821fc.exe
C:/msys64/mingw64/bin/cmake.exe -E remove -f CMakeFiles/cmTC_821fc.dir/objects.a
C:/msys64/usr/bin/ar.exe cr CMakeFiles/cmTC_821fc.dir/objects.a @CMakeFiles/cmTC_821fc.dir/objects1.rsp
C:/msys64/usr/bin/c++.exe   -fexceptions -DCOMPILER_SUPPORT_pedantic -Werror    -Wl,--whole-archive CMakeFiles/cmTC_821fc.dir/objects.a -Wl,--no-whole-archive  -o cmTC_821fc.exe -Wl,--out-implib,libcmTC_821fc.dll.a -Wl,--major-image-version,0,--minor-image-version,0  
make[1]: Leaving directory '/c/Users/Alex/Dropbox/Development/Qt/LinearOptimization/lib/eigen3/build/CMakeFiles/CMakeTmp'

Source file was:
int main() { return 0; }
Performing C++ SOURCE FILE Test COMPILER_SUPPORT_Wall succeded with the following output:
Change Dir: C:/Users/Alex/Dropbox/Development/Qt/LinearOptimization/lib/eigen3/build/CMakeFiles/CMakeTmp

Run Build Command:"C:/msys64/usr/bin/make.exe" "cmTC_768f6/fast"
/usr/bin/make -f CMakeFiles/cmTC_768f6.dir/build.make CMakeFiles/cmTC_768f6.dir/build
make[1]: Entering directory '/c/Users/Alex/Dropbox/Development/Qt/LinearOptimization/lib/eigen3/build/CMakeFiles/CMakeTmp'
Building CXX object CMakeFiles/cmTC_768f6.dir/src.cxx.o
C:/msys64/usr/bin/c++.exe    -fexceptions -pedantic -DCOMPILER_SUPPORT_Wall -Werror   -Wall -o CMakeFiles/cmTC_768f6.dir/src.cxx.o -c C:/Users/Alex/Dropbox/Development/Qt/LinearOptimization/lib/eigen3/build/CMakeFiles/CMakeTmp/src.cxx
Linking CXX executable cmTC_768f6.exe
C:/msys64/mingw64/bin/cmake.exe -E remove -f CMakeFiles/cmTC_768f6.dir/objects.a
C:/msys64/usr/bin/ar.exe cr CMakeFiles/cmTC_768f6.dir/objects.a @CMakeFiles/cmTC_768f6.dir/objects1.rsp
C:/msys64/usr/bin/c++.exe   -fexceptions -pedantic -DCOMPILER_SUPPORT_Wall -Werror    -Wl,--whole-archive CMakeFiles/cmTC_768f6.dir/objects.a -Wl,--no-whole-archive  -o cmTC_768f6.exe -Wl,--out-implib,libcmTC_768f6.dll.a -Wl,--major-image-version,0,--minor-image-version,0  
make[1]: Leaving directory '/c/Users/Alex/Dropbox/Development/Qt/LinearOptimization/lib/eigen3/build/CMakeFiles/CMakeTmp'

Source file was:
int main() { return 0; }
Performing C++ SOURCE FILE Test COMPILER_SUPPORT_Wextra succeded with the following output:
Change Dir: C:/Users/Alex/Dropbox/Development/Qt/LinearOptimization/lib/eigen3/build/CMakeFiles/CMakeTmp

Run Build Command:"C:/msys64/usr/bin/make.exe" "cmTC_653ca/fast"
/usr/bin/make -f CMakeFiles/cmTC_653ca.dir/build.make CMakeFiles/cmTC_653ca.dir/build
make[1]: Entering directory '/c/Users/Alex/Dropbox/Development/Qt/LinearOptimization/lib/eigen3/build/CMakeFiles/CMakeTmp'
Building CXX object CMakeFiles/cmTC_653ca.dir/src.cxx.o
C:/msys64/usr/bin/c++.exe    -fexceptions -pedantic -Wall -DCOMPILER_SUPPORT_Wextra -Werror   -Wextra -o CMakeFiles/cmTC_653ca.dir/src.cxx.o -c C:/Users/Alex/Dropbox/Development/Qt/LinearOptimization/lib/eigen3/build/CMakeFiles/CMakeTmp/src.cxx
Linking CXX executable cmTC_653ca.exe
C:/msys64/mingw64/bin/cmake.exe -E remove -f CMakeFiles/cmTC_653ca.dir/objects.a
C:/msys64/usr/bin/ar.exe cr CMakeFiles/cmTC_653ca.dir/objects.a @CMakeFiles/cmTC_653ca.dir/objects1.rsp
C:/msys64/usr/bin/c++.exe   -fexceptions -pedantic -Wall -DCOMPILER_SUPPORT_Wextra -Werror    -Wl,--whole-archive CMakeFiles/cmTC_653ca.dir/objects.a -Wl,--no-whole-archive  -o cmTC_653ca.exe -Wl,--out-implib,libcmTC_653ca.dll.a -Wl,--major-image-version,0,--minor-image-version,0  
make[1]: Leaving directory '/c/Users/Alex/Dropbox/Development/Qt/LinearOptimization/lib/eigen3/build/CMakeFiles/CMakeTmp'

Source file was:
int main() { return 0; }
Performing C++ SOURCE FILE Test COMPILER_SUPPORT_Wundef succeded with the following output:
Change Dir: C:/Users/Alex/Dropbox/Development/Qt/LinearOptimization/lib/eigen3/build/CMakeFiles/CMakeTmp

Run Build Command:"C:/msys64/usr/bin/make.exe" "cmTC_d6782/fast"
/usr/bin/make -f CMakeFiles/cmTC_d6782.dir/build.make CMakeFiles/cmTC_d6782.dir/build
make[1]: Entering directory '/c/Users/Alex/Dropbox/Development/Qt/LinearOptimization/lib/eigen3/build/CMakeFiles/CMakeTmp'
Building CXX object CMakeFiles/cmTC_d6782.dir/src.cxx.o
C:/msys64/usr/bin/c++.exe    -fexceptions -pedantic -Wall -Wextra -DCOMPILER_SUPPORT_Wundef -Werror   -Wundef -o CMakeFiles/cmTC_d6782.dir/src.cxx.o -c C:/Users/Alex/Dropbox/Development/Qt/LinearOptimization/lib/eigen3/build/CMakeFiles/CMakeTmp/src.cxx
Linking CXX executable cmTC_d6782.exe
C:/msys64/mingw64/bin/cmake.exe -E remove -f CMakeFiles/cmTC_d6782.dir/objects.a
C:/msys64/usr/bin/ar.exe cr CMakeFiles/cmTC_d6782.dir/objects.a @CMakeFiles/cmTC_d6782.dir/objects1.rsp
C:/msys64/usr/bin/c++.exe   -fexceptions -pedantic -Wall -Wextra -DCOMPILER_SUPPORT_Wundef -Werror    -Wl,--whole-archive CMakeFiles/cmTC_d6782.dir/objects.a -Wl,--no-whole-archive  -o cmTC_d6782.exe -Wl,--out-implib,libcmTC_d6782.dll.a -Wl,--major-image-version,0,--minor-image-version,0  
make[1]: Leaving directory '/c/Users/Alex/Dropbox/Development/Qt/LinearOptimization/lib/eigen3/build/CMakeFiles/CMakeTmp'

Source file was:
int main() { return 0; }
Performing C++ SOURCE FILE Test COMPILER_SUPPORT_Wcastalign succeded with the following output:
Change Dir: C:/Users/Alex/Dropbox/Development/Qt/LinearOptimization/lib/eigen3/build/CMakeFiles/CMakeTmp

Run Build Command:"C:/msys64/usr/bin/make.exe" "cmTC_e1bfd/fast"
/usr/bin/make -f CMakeFiles/cmTC_e1bfd.dir/build.make CMakeFiles/cmTC_e1bfd.dir/build
make[1]: Entering directory '/c/Users/Alex/Dropbox/Development/Qt/LinearOptimization/lib/eigen3/build/CMakeFiles/CMakeTmp'
Building CXX object CMakeFiles/cmTC_e1bfd.dir/src.cxx.o
C:/msys64/usr/bin/c++.exe    -fexceptions -pedantic -Wall -Wextra -Wundef -DCOMPILER_SUPPORT_Wcastalign -Werror   -Wcast-align -o CMakeFiles/cmTC_e1bfd.dir/src.cxx.o -c C:/Users/Alex/Dropbox/Development/Qt/LinearOptimization/lib/eigen3/build/CMakeFiles/CMakeTmp/src.cxx
Linking CXX executable cmTC_e1bfd.exe
C:/msys64/mingw64/bin/cmake.exe -E remove -f CMakeFiles/cmTC_e1bfd.dir/objects.a
C:/msys64/usr/bin/ar.exe cr CMakeFiles/cmTC_e1bfd.dir/objects.a @CMakeFiles/cmTC_e1bfd.dir/objects1.rsp
C:/msys64/usr/bin/c++.exe   -fexceptions -pedantic -Wall -Wextra -Wundef -DCOMPILER_SUPPORT_Wcastalign -Werror    -Wl,--whole-archive CMakeFiles/cmTC_e1bfd.dir/objects.a -Wl,--no-whole-archive  -o cmTC_e1bfd.exe -Wl,--out-implib,libcmTC_e1bfd.dll.a -Wl,--major-image-version,0,--minor-image-version,0  
make[1]: Leaving directory '/c/Users/Alex/Dropbox/Development/Qt/LinearOptimization/lib/eigen3/build/CMakeFiles/CMakeTmp'

Source file was:
int main() { return 0; }
Performing C++ SOURCE FILE Test COMPILER_SUPPORT_fnochecknew succeded with the following output:
Change Dir: C:/Users/Alex/Dropbox/Development/Qt/LinearOptimization/lib/eigen3/build/CMakeFiles/CMakeTmp

Run Build Command:"C:/msys64/usr/bin/make.exe" "cmTC_a30b0/fast"
/usr/bin/make -f CMakeFiles/cmTC_a30b0.dir/build.make CMakeFiles/cmTC_a30b0.dir/build
make[1]: Entering directory '/c/Users/Alex/Dropbox/Development/Qt/LinearOptimization/lib/eigen3/build/CMakeFiles/CMakeTmp'
Building CXX object CMakeFiles/cmTC_a30b0.dir/src.cxx.o
C:/msys64/usr/bin/c++.exe    -fexceptions -pedantic -Wall -Wextra -Wundef -Wcast-align -DCOMPILER_SUPPORT_fnochecknew -Werror   -fno-check-new -o CMakeFiles/cmTC_a30b0.dir/src.cxx.o -c C:/Users/Alex/Dropbox/Development/Qt/LinearOptimization/lib/eigen3/build/CMakeFiles/CMakeTmp/src.cxx
Linking CXX executable cmTC_a30b0.exe
C:/msys64/mingw64/bin/cmake.exe -E remove -f CMakeFiles/cmTC_a30b0.dir/objects.a
C:/msys64/usr/bin/ar.exe cr CMakeFiles/cmTC_a30b0.dir/objects.a @CMakeFiles/cmTC_a30b0.dir/objects1.rsp
C:/msys64/usr/bin/c++.exe   -fexceptions -pedantic -Wall -Wextra -Wundef -Wcast-align -DCOMPILER_SUPPORT_fnochecknew -Werror    -Wl,--whole-archive CMakeFiles/cmTC_a30b0.dir/objects.a -Wl,--no-whole-archive  -o cmTC_a30b0.exe -Wl,--out-implib,libcmTC_a30b0.dll.a -Wl,--major-image-version,0,--minor-image-version,0  
make[1]: Leaving directory '/c/Users/Alex/Dropbox/Development/Qt/LinearOptimization/lib/eigen3/build/CMakeFiles/CMakeTmp'

Source file was:
int main() { return 0; }
Performing C++ SOURCE FILE Test COMPILER_SUPPORT_fnocommon succeded with the following output:
Change Dir: C:/Users/Alex/Dropbox/Development/Qt/LinearOptimization/lib/eigen3/build/CMakeFiles/CMakeTmp

Run Build Command:"C:/msys64/usr/bin/make.exe" "cmTC_90685/fast"
/usr/bin/make -f CMakeFiles/cmTC_90685.dir/build.make CMakeFiles/cmTC_90685.dir/build
make[1]: Entering directory '/c/Users/Alex/Dropbox/Development/Qt/LinearOptimization/lib/eigen3/build/CMakeFiles/CMakeTmp'
Building CXX object CMakeFiles/cmTC_90685.dir/src.cxx.o
C:/msys64/usr/bin/c++.exe    -fexceptions -pedantic -Wall -Wextra -Wundef -Wcast-align -fno-check-new -DCOMPILER_SUPPORT_fnocommon -Werror   -fno-common -o CMakeFiles/cmTC_90685.dir/src.cxx.o -c C:/Users/Alex/Dropbox/Development/Qt/LinearOptimization/lib/eigen3/build/CMakeFiles/CMakeTmp/src.cxx
Linking CXX executable cmTC_90685.exe
C:/msys64/mingw64/bin/cmake.exe -E remove -f CMakeFiles/cmTC_90685.dir/objects.a
C:/msys64/usr/bin/ar.exe cr CMakeFiles/cmTC_90685.dir/objects.a @CMakeFiles/cmTC_90685.dir/objects1.rsp
C:/msys64/usr/bin/c++.exe   -fexceptions -pedantic -Wall -Wextra -Wundef -Wcast-align -fno-check-new -DCOMPILER_SUPPORT_fnocommon -Werror    -Wl,--whole-archive CMakeFiles/cmTC_90685.dir/objects.a -Wl,--no-whole-archive  -o cmTC_90685.exe -Wl,--out-implib,libcmTC_90685.dll.a -Wl,--major-image-version,0,--minor-image-version,0  
make[1]: Leaving directory '/c/Users/Alex/Dropbox/Development/Qt/LinearOptimization/lib/eigen3/build/CMakeFiles/CMakeTmp'

Source file was:
int main() { return 0; }
Performing C++ SOURCE FILE Test COMPILER_SUPPORT_fstrictaliasing succeded with the following output:
Change Dir: C:/Users/Alex/Dropbox/Development/Qt/LinearOptimization/lib/eigen3/build/CMakeFiles/CMakeTmp

Run Build Command:"C:/msys64/usr/bin/make.exe" "cmTC_41ce8/fast"
/usr/bin/make -f CMakeFiles/cmTC_41ce8.dir/build.make CMakeFiles/cmTC_41ce8.dir/build
make[1]: Entering directory '/c/Users/Alex/Dropbox/Development/Qt/LinearOptimization/lib/eigen3/build/CMakeFiles/CMakeTmp'
Building CXX object CMakeFiles/cmTC_41ce8.dir/src.cxx.o
C:/msys64/usr/bin/c++.exe    -fexceptions -pedantic -Wall -Wextra -Wundef -Wcast-align -fno-check-new -fno-common -DCOMPILER_SUPPORT_fstrictaliasing -Werror   -fstrict-aliasing -o CMakeFiles/cmTC_41ce8.dir/src.cxx.o -c C:/Users/Alex/Dropbox/Development/Qt/LinearOptimization/lib/eigen3/build/CMakeFiles/CMakeTmp/src.cxx
Linking CXX executable cmTC_41ce8.exe
C:/msys64/mingw64/bin/cmake.exe -E remove -f CMakeFiles/cmTC_41ce8.dir/objects.a
C:/msys64/usr/bin/ar.exe cr CMakeFiles/cmTC_41ce8.dir/objects.a @CMakeFiles/cmTC_41ce8.dir/objects1.rsp
C:/msys64/usr/bin/c++.exe   -fexceptions -pedantic -Wall -Wextra -Wundef -Wcast-align -fno-check-new -fno-common -DCOMPILER_SUPPORT_fstrictaliasing -Werror    -Wl,--whole-archive CMakeFiles/cmTC_41ce8.dir/objects.a -Wl,--no-whole-archive  -o cmTC_41ce8.exe -Wl,--out-implib,libcmTC_41ce8.dll.a -Wl,--major-image-version,0,--minor-image-version,0  
make[1]: Leaving directory '/c/Users/Alex/Dropbox/Development/Qt/LinearOptimization/lib/eigen3/build/CMakeFiles/CMakeTmp'

Source file was:
int main() { return 0; }
Performing C++ SOURCE FILE Test COMPILER_SUPPORT_ansi succeded with the following output:
Change Dir: C:/Users/Alex/Dropbox/Development/Qt/LinearOptimization/lib/eigen3/build/CMakeFiles/CMakeTmp

Run Build Command:"C:/msys64/usr/bin/make.exe" "cmTC_74e53/fast"
/usr/bin/make -f CMakeFiles/cmTC_74e53.dir/build.make CMakeFiles/cmTC_74e53.dir/build
make[1]: Entering directory '/c/Users/Alex/Dropbox/Development/Qt/LinearOptimization/lib/eigen3/build/CMakeFiles/CMakeTmp'
Building CXX object CMakeFiles/cmTC_74e53.dir/src.cxx.o
C:/msys64/usr/bin/c++.exe    -fexceptions -pedantic -Wall -Wextra -Wundef -Wcast-align -fno-check-new -fno-common -fstrict-aliasing -DCOMPILER_SUPPORT_ansi -Werror   -ansi -o CMakeFiles/cmTC_74e53.dir/src.cxx.o -c C:/Users/Alex/Dropbox/Development/Qt/LinearOptimization/lib/eigen3/build/CMakeFiles/CMakeTmp/src.cxx
Linking CXX executable cmTC_74e53.exe
C:/msys64/mingw64/bin/cmake.exe -E remove -f CMakeFiles/cmTC_74e53.dir/objects.a
C:/msys64/usr/bin/ar.exe cr CMakeFiles/cmTC_74e53.dir/objects.a @CMakeFiles/cmTC_74e53.dir/objects1.rsp
C:/msys64/usr/bin/c++.exe   -fexceptions -pedantic -Wall -Wextra -Wundef -Wcast-align -fno-check-new -fno-common -fstrict-aliasing -DCOMPILER_SUPPORT_ansi -Werror    -Wl,--whole-archive CMakeFiles/cmTC_74e53.dir/objects.a -Wl,--no-whole-archive  -o cmTC_74e53.exe -Wl,--out-implib,libcmTC_74e53.dll.a -Wl,--major-image-version,0,--minor-image-version,0  
make[1]: Leaving directory '/c/Users/Alex/Dropbox/Development/Qt/LinearOptimization/lib/eigen3/build/CMakeFiles/CMakeTmp'

Source file was:
int main() { return 0; }
Performing C++ SOURCE FILE Test COMPILER_SUPPORT_OPENMP succeded with the following output:
Change Dir: C:/Users/Alex/Dropbox/Development/Qt/LinearOptimization/lib/eigen3/build/CMakeFiles/CMakeTmp

Run Build Command:"C:/msys64/usr/bin/make.exe" "cmTC_9a13a/fast"
/usr/bin/make -f CMakeFiles/cmTC_9a13a.dir/build.make CMakeFiles/cmTC_9a13a.dir/build
make[1]: Entering directory '/c/Users/Alex/Dropbox/Development/Qt/LinearOptimization/lib/eigen3/build/CMakeFiles/CMakeTmp'
Building CXX object CMakeFiles/cmTC_9a13a.dir/src.cxx.o
C:/msys64/usr/bin/c++.exe    -fexceptions -pedantic -Wall -Wextra -Wundef -Wcast-align -fno-check-new -fno-common -fstrict-aliasing -ansi -DCOMPILER_SUPPORT_OPENMP   -fopenmp -o CMakeFiles/cmTC_9a13a.dir/src.cxx.o -c C:/Users/Alex/Dropbox/Development/Qt/LinearOptimization/lib/eigen3/build/CMakeFiles/CMakeTmp/src.cxx
Linking CXX executable cmTC_9a13a.exe
C:/msys64/mingw64/bin/cmake.exe -E remove -f CMakeFiles/cmTC_9a13a.dir/objects.a
C:/msys64/usr/bin/ar.exe cr CMakeFiles/cmTC_9a13a.dir/objects.a @CMakeFiles/cmTC_9a13a.dir/objects1.rsp
C:/msys64/usr/bin/c++.exe   -fexceptions -pedantic -Wall -Wextra -Wundef -Wcast-align -fno-check-new -fno-common -fstrict-aliasing -ansi -DCOMPILER_SUPPORT_OPENMP    -Wl,--whole-archive CMakeFiles/cmTC_9a13a.dir/objects.a -Wl,--no-whole-archive  -o cmTC_9a13a.exe -Wl,--out-implib,libcmTC_9a13a.dll.a -Wl,--major-image-version,0,--minor-image-version,0  
make[1]: Leaving directory '/c/Users/Alex/Dropbox/Development/Qt/LinearOptimization/lib/eigen3/build/CMakeFiles/CMakeTmp'

Source file was:
int main() { return 0; }
Compiling the Fortran compiler identification source file "CMakeFortranCompilerId.F" succeeded.
Compiler: C:/msys64/mingw64/bin/gfortran.exe 
Build flags: 
Id flags: 

The output was:
0


Compilation of the Fortran compiler identification source "CMakeFortranCompilerId.F" produced "a.exe"

The Fortran compiler identification is GNU, found in "C:/Users/Alex/Dropbox/Development/Qt/LinearOptimization/lib/eigen3/build/CMakeFiles/3.3.2/CompilerIdFortran/a.exe"

Determining if the Fortran compiler works passed with the following output:
Change Dir: C:/Users/Alex/Dropbox/Development/Qt/LinearOptimization/lib/eigen3/build/CMakeFiles/CMakeTmp

Run Build Command:"C:/msys64/usr/bin/make.exe" "cmTC_d4ba0/fast"
/usr/bin/make -f CMakeFiles/cmTC_d4ba0.dir/build.make CMakeFiles/cmTC_d4ba0.dir/build
make[1]: Entering directory '/c/Users/Alex/Dropbox/Development/Qt/LinearOptimization/lib/eigen3/build/CMakeFiles/CMakeTmp'
Building Fortran object CMakeFiles/cmTC_d4ba0.dir/testFortranCompiler.f.o
C:/msys64/mingw64/bin/gfortran.exe    -c C:/Users/Alex/Dropbox/Development/Qt/LinearOptimization/lib/eigen3/build/CMakeFiles/CMakeTmp/testFortranCompiler.f -o CMakeFiles/cmTC_d4ba0.dir/testFortranCompiler.f.o
Linking Fortran executable cmTC_d4ba0.exe
C:/msys64/mingw64/bin/cmake.exe -E remove -f CMakeFiles/cmTC_d4ba0.dir/objects.a
C:/msys64/usr/bin/ar.exe cr CMakeFiles/cmTC_d4ba0.dir/objects.a @CMakeFiles/cmTC_d4ba0.dir/objects1.rsp
C:/msys64/mingw64/bin/gfortran.exe       -Wl,--whole-archive CMakeFiles/cmTC_d4ba0.dir/objects.a -Wl,--no-whole-archive  -o cmTC_d4ba0.exe -Wl,--out-implib,libcmTC_d4ba0.dll.a -Wl,--major-image-version,0,--minor-image-version,0  
make[1]: Leaving directory '/c/Users/Alex/Dropbox/Development/Qt/LinearOptimization/lib/eigen3/build/CMakeFiles/CMakeTmp'


Detecting Fortran compiler ABI info compiled with the following output:
Change Dir: C:/Users/Alex/Dropbox/Development/Qt/LinearOptimization/lib/eigen3/build/CMakeFiles/CMakeTmp

Run Build Command:"C:/msys64/usr/bin/make.exe" "cmTC_80bee/fast"
/usr/bin/make -f CMakeFiles/cmTC_80bee.dir/build.make CMakeFiles/cmTC_80bee.dir/build
make[1]: Entering directory '/c/Users/Alex/Dropbox/Development/Qt/LinearOptimization/lib/eigen3/build/CMakeFiles/CMakeTmp'
Building Fortran object CMakeFiles/cmTC_80bee.dir/CMakeFortranCompilerABI.F.o
C:/msys64/mingw64/bin/gfortran.exe    -c C:/msys64/mingw64/share/cmake-3.3/Modules/CMakeFortranCompilerABI.F -o CMakeFiles/cmTC_80bee.dir/CMakeFortranCompilerABI.F.o
Linking Fortran executable cmTC_80bee.exe
C:/msys64/mingw64/bin/cmake.exe -E remove -f CMakeFiles/cmTC_80bee.dir/objects.a
C:/msys64/usr/bin/ar.exe cr CMakeFiles/cmTC_80bee.dir/objects.a @CMakeFiles/cmTC_80bee.dir/objects1.rsp
C:/msys64/mingw64/bin/gfortran.exe      -v -Wl,--whole-archive CMakeFiles/cmTC_80bee.dir/objects.a -Wl,--no-whole-archive  -o cmTC_80bee.exe -Wl,--out-implib,libcmTC_80bee.dll.a -Wl,--major-image-version,0,--minor-image-version,0   
Driving: C:\msys64\mingw64\bin\gfortran.exe -v -Wl,--whole-archive CMakeFiles/cmTC_80bee.dir/objects.a -Wl,--no-whole-archive -o cmTC_80bee.exe -Wl,--out-implib,libcmTC_80bee.dll.a -Wl,--major-image-version,0,--minor-image-version,0 -l gfortran -shared-libgcc
Using built-in specs.
COLLECT_GCC=C:\msys64\mingw64\bin\gfortran.exe
COLLECT_LTO_WRAPPER=C:/msys64/mingw64/bin/../lib/gcc/x86_64-w64-mingw32/5.2.0/lto-wrapper.exe
Target: x86_64-w64-mingw32
Configured with: ../gcc-5.2.0/configure --prefix=/mingw64 --with-local-prefix=/mingw64/local --build=x86_64-w64-mingw32 --host=x86_64-w64-mingw32 --target=x86_64-w64-mingw32 --with-native-system-header-dir=/mingw64/x86_64-w64-mingw32/include --libexecdir=/mingw64/lib --with-gxx-include-dir=/mingw64/include/c++/5.2.0 --enable-bootstrap --with-arch=x86-64 --with-tune=generic --enable-languages=c,lto,c++,objc,obj-c++,fortran,ada --enable-shared --enable-static --enable-libatomic --enable-threads=posix --enable-graphite --enable-fully-dynamic-string --enable-libstdcxx-time=yes --disable-libstdcxx-pch --disable-libstdcxx-debug --enable-version-specific-runtime-libs --disable-isl-version-check --enable-lto --enable-libgomp --disable-multilib --enable-checking=release --disable-rpath --disable-win32-registry --disable-nls --disable-werror --disable-symvers --with-libiconv --with-system-zlib --with-gmp=/mingw64 --with-mpfr=/mingw64 --with-mpc=/mingw64 --with-isl=/mingw64 --with-pkgversion='Rev3, Built by MSYS2 project' --with-bugurl=http://sourceforge.net/projects/msys2 --with-gnu-as --with-gnu-ld
Thread model: posix
gcc version 5.2.0 (Rev3, Built by MSYS2 project) 
Reading specs from C:/msys64/mingw64/bin/../lib/gcc/x86_64-w64-mingw32/5.2.0/libgfortran.spec
rename spec lib to liborig
COLLECT_GCC_OPTIONS='-v' '-o' 'cmTC_80bee.exe' '-shared-libgcc' '-mtune=generic' '-march=x86-64'
COMPILER_PATH=C:/msys64/mingw64/bin/../lib/gcc/x86_64-w64-mingw32/5.2.0/;C:/msys64/mingw64/bin/../lib/gcc/;C:/msys64/mingw64/bin/../lib/gcc/x86_64-w64-mingw32/5.2.0/../../../../x86_64-w64-mingw32/bin/
LIBRARY_PATH=C:/msys64/mingw64/bin/../lib/gcc/x86_64-w64-mingw32/5.2.0/;C:/msys64/mingw64/bin/../lib/gcc/;C:/msys64/mingw64/bin/../lib/gcc/x86_64-w64-mingw32/5.2.0/../../../../x86_64-w64-mingw32/lib/../lib/;C:/msys64/mingw64/bin/../lib/gcc/x86_64-w64-mingw32/5.2.0/../../../../lib/;C:/msys64/mingw64/bin/../lib/gcc/x86_64-w64-mingw32/5.2.0/../../../../x86_64-w64-mingw32/lib/;C:/msys64/mingw64/bin/../lib/gcc/x86_64-w64-mingw32/5.2.0/../../../
COLLECT_GCC_OPTIONS='-v' '-o' 'cmTC_80bee.exe' '-shared-libgcc' '-mtune=generic' '-march=x86-64'
 C:/msys64/mingw64/bin/../lib/gcc/x86_64-w64-mingw32/5.2.0/collect2.exe -plugin C:/msys64/mingw64/bin/../lib/gcc/x86_64-w64-mingw32/5.2.0/liblto_plugin-0.dll -plugin-opt=C:/msys64/mingw64/bin/../lib/gcc/x86_64-w64-mingw32/5.2.0/lto-wrapper.exe -plugin-opt=-fresolution=C:\Users\Alex\AppData\Local\Temp\cc2ExYrV.res -plugin-opt=-pass-through=-lmingw32 -plugin-opt=-pass-through=-lgcc_s -plugin-opt=-pass-through=-lgcc -plugin-opt=-pass-through=-lmoldname -plugin-opt=-pass-through=-lmingwex -plugin-opt=-pass-through=-lmsvcrt -plugin-opt=-pass-through=-lquadmath -plugin-opt=-pass-through=-lm -plugin-opt=-pass-through=-lmingw32 -plugin-opt=-pass-through=-lgcc_s -plugin-opt=-pass-through=-lgcc -plugin-opt=-pass-through=-lmoldname -plugin-opt=-pass-through=-lmingwex -plugin-opt=-pass-through=-lmsvcrt -plugin-opt=-pass-through=-lpthread -plugin-opt=-pass-through=-ladvapi32 -plugin-opt=-pass-through=-lshell32 -plugin-opt=-pass-through=-luser32 -plugin-opt=-pass-through=-lkernel32 -plugin-opt=-pass-through=-lmingw32 -plugin-opt=-pass-through=-lgcc_s -plugin-opt=-pass-through=-lgcc -plugin-opt=-pass-through=-lmoldname -plugin-opt=-pass-through=-lmingwex -plugin-opt=-pass-through=-lmsvcrt -m i386pep -Bdynamic -o cmTC_80bee.exe C:/msys64/mingw64/bin/../lib/gcc/x86_64-w64-mingw32/5.2.0/../../../../x86_64-w64-mingw32/lib/../lib/crt2.o C:/msys64/mingw64/bin/../lib/gcc/x86_64-w64-mingw32/5.2.0/crtbegin.o -LC:/msys64/mingw64/bin/../lib/gcc/x86_64-w64-mingw32/5.2.0 -LC:/msys64/mingw64/bin/../lib/gcc -LC:/msys64/mingw64/bin/../lib/gcc/x86_64-w64-mingw32/5.2.0/../../../../x86_64-w64-mingw32/lib/../lib -LC:/msys64/mingw64/bin/../lib/gcc/x86_64-w64-mingw32/5.2.0/../../../../lib -LC:/msys64/mingw64/bin/../lib/gcc/x86_64-w64-mingw32/5.2.0/../../../../x86_64-w64-mingw32/lib -LC:/msys64/mingw64/bin/../lib/gcc/x86_64-w64-mingw32/5.2.0/../../.. --whole-archive CMakeFiles/cmTC_80bee.dir/objects.a --no-whole-archive --out-implib libcmTC_80bee.dll.a --major-image-version 0 --minor-image-version 0 -lgfortran -lmingw32 -lgcc_s --undefined=___deregister_frame_info --undefined=___register_frame_info -lgcc -lmoldname -lmingwex -lmsvcrt -lquadmath -lm -lmingw32 -lgcc_s --undefined=___deregister_frame_info --undefined=___register_frame_info -lgcc -lmoldname -lmingwex -lmsvcrt -lpthread -ladvapi32 -lshell32 -luser32 -lkernel32 -lmingw32 -lgcc_s --undefined=___deregister_frame_info --undefined=___register_frame_info -lgcc -lmoldname -lmingwex -lmsvcrt C:/msys64/mingw64/bin/../lib/gcc/x86_64-w64-mingw32/5.2.0/../../../../x86_64-w64-mingw32/lib/../lib/default-manifest.o C:/msys64/mingw64/bin/../lib/gcc/x86_64-w64-mingw32/5.2.0/crtend.o
make[1]: Leaving directory '/c/Users/Alex/Dropbox/Development/Qt/LinearOptimization/lib/eigen3/build/CMakeFiles/CMakeTmp'


Parsed Fortran implicit link information from above output:
  link line regex: [^( *|.*[/\])(ld\.exe|([^/\]+-)?ld|collect2)[^/\]*( |$)]
  ignore line: [Change Dir: C:/Users/Alex/Dropbox/Development/Qt/LinearOptimization/lib/eigen3/build/CMakeFiles/CMakeTmp]
  ignore line: []
  ignore line: [Run Build Command:"C:/msys64/usr/bin/make.exe" "cmTC_80bee/fast"]
  ignore line: [/usr/bin/make -f CMakeFiles/cmTC_80bee.dir/build.make CMakeFiles/cmTC_80bee.dir/build]
  ignore line: [make[1]: Entering directory '/c/Users/Alex/Dropbox/Development/Qt/LinearOptimization/lib/eigen3/build/CMakeFiles/CMakeTmp']
  ignore line: [Building Fortran object CMakeFiles/cmTC_80bee.dir/CMakeFortranCompilerABI.F.o]
  ignore line: [C:/msys64/mingw64/bin/gfortran.exe    -c C:/msys64/mingw64/share/cmake-3.3/Modules/CMakeFortranCompilerABI.F -o CMakeFiles/cmTC_80bee.dir/CMakeFortranCompilerABI.F.o]
  ignore line: [Linking Fortran executable cmTC_80bee.exe]
  ignore line: [C:/msys64/mingw64/bin/cmake.exe -E remove -f CMakeFiles/cmTC_80bee.dir/objects.a]
  ignore line: [C:/msys64/usr/bin/ar.exe cr CMakeFiles/cmTC_80bee.dir/objects.a @CMakeFiles/cmTC_80bee.dir/objects1.rsp]
  ignore line: [C:/msys64/mingw64/bin/gfortran.exe      -v -Wl,--whole-archive CMakeFiles/cmTC_80bee.dir/objects.a -Wl,--no-whole-archive  -o cmTC_80bee.exe -Wl,--out-implib,libcmTC_80bee.dll.a -Wl,--major-image-version,0,--minor-image-version,0   ]
  ignore line: [Driving: C:\msys64\mingw64\bin\gfortran.exe -v -Wl,--whole-archive CMakeFiles/cmTC_80bee.dir/objects.a -Wl,--no-whole-archive -o cmTC_80bee.exe -Wl,--out-implib,libcmTC_80bee.dll.a -Wl,--major-image-version,0,--minor-image-version,0 -l gfortran -shared-libgcc]
  ignore line: [Using built-in specs.]
  ignore line: [COLLECT_GCC=C:\msys64\mingw64\bin\gfortran.exe]
  ignore line: [COLLECT_LTO_WRAPPER=C:/msys64/mingw64/bin/../lib/gcc/x86_64-w64-mingw32/5.2.0/lto-wrapper.exe]
  ignore line: [Target: x86_64-w64-mingw32]
  ignore line: [Configured with: ../gcc-5.2.0/configure --prefix=/mingw64 --with-local-prefix=/mingw64/local --build=x86_64-w64-mingw32 --host=x86_64-w64-mingw32 --target=x86_64-w64-mingw32 --with-native-system-header-dir=/mingw64/x86_64-w64-mingw32/include --libexecdir=/mingw64/lib --with-gxx-include-dir=/mingw64/include/c++/5.2.0 --enable-bootstrap --with-arch=x86-64 --with-tune=generic --enable-languages=c,lto,c++,objc,obj-c++,fortran,ada --enable-shared --enable-static --enable-libatomic --enable-threads=posix --enable-graphite --enable-fully-dynamic-string --enable-libstdcxx-time=yes --disable-libstdcxx-pch --disable-libstdcxx-debug --enable-version-specific-runtime-libs --disable-isl-version-check --enable-lto --enable-libgomp --disable-multilib --enable-checking=release --disable-rpath --disable-win32-registry --disable-nls --disable-werror --disable-symvers --with-libiconv --with-system-zlib --with-gmp=/mingw64 --with-mpfr=/mingw64 --with-mpc=/mingw64 --with-isl=/mingw64 --with-pkgversion='Rev3, Built by MSYS2 project' --with-bugurl=http://sourceforge.net/projects/msys2 --with-gnu-as --with-gnu-ld]
  ignore line: [Thread model: posix]
  ignore line: [gcc version 5.2.0 (Rev3, Built by MSYS2 project) ]
  ignore line: [Reading specs from C:/msys64/mingw64/bin/../lib/gcc/x86_64-w64-mingw32/5.2.0/libgfortran.spec]
  ignore line: [rename spec lib to liborig]
  ignore line: [COLLECT_GCC_OPTIONS='-v' '-o' 'cmTC_80bee.exe' '-shared-libgcc' '-mtune=generic' '-march=x86-64']
  ignore line: [COMPILER_PATH=C:/msys64/mingw64/bin/../lib/gcc/x86_64-w64-mingw32/5.2.0/]
  ignore line: [C:/msys64/mingw64/bin/../lib/gcc/]
  ignore line: [C:/msys64/mingw64/bin/../lib/gcc/x86_64-w64-mingw32/5.2.0/../../../../x86_64-w64-mingw32/bin/]
  ignore line: [LIBRARY_PATH=C:/msys64/mingw64/bin/../lib/gcc/x86_64-w64-mingw32/5.2.0/]
  ignore line: [C:/msys64/mingw64/bin/../lib/gcc/]
  ignore line: [C:/msys64/mingw64/bin/../lib/gcc/x86_64-w64-mingw32/5.2.0/../../../../x86_64-w64-mingw32/lib/../lib/]
  ignore line: [C:/msys64/mingw64/bin/../lib/gcc/x86_64-w64-mingw32/5.2.0/../../../../lib/]
  ignore line: [C:/msys64/mingw64/bin/../lib/gcc/x86_64-w64-mingw32/5.2.0/../../../../x86_64-w64-mingw32/lib/]
  ignore line: [C:/msys64/mingw64/bin/../lib/gcc/x86_64-w64-mingw32/5.2.0/../../../]
  ignore line: [COLLECT_GCC_OPTIONS='-v' '-o' 'cmTC_80bee.exe' '-shared-libgcc' '-mtune=generic' '-march=x86-64']
  link line: [ C:/msys64/mingw64/bin/../lib/gcc/x86_64-w64-mingw32/5.2.0/collect2.exe -plugin C:/msys64/mingw64/bin/../lib/gcc/x86_64-w64-mingw32/5.2.0/liblto_plugin-0.dll -plugin-opt=C:/msys64/mingw64/bin/../lib/gcc/x86_64-w64-mingw32/5.2.0/lto-wrapper.exe -plugin-opt=-fresolution=C:\Users\Alex\AppData\Local\Temp\cc2ExYrV.res -plugin-opt=-pass-through=-lmingw32 -plugin-opt=-pass-through=-lgcc_s -plugin-opt=-pass-through=-lgcc -plugin-opt=-pass-through=-lmoldname -plugin-opt=-pass-through=-lmingwex -plugin-opt=-pass-through=-lmsvcrt -plugin-opt=-pass-through=-lquadmath -plugin-opt=-pass-through=-lm -plugin-opt=-pass-through=-lmingw32 -plugin-opt=-pass-through=-lgcc_s -plugin-opt=-pass-through=-lgcc -plugin-opt=-pass-through=-lmoldname -plugin-opt=-pass-through=-lmingwex -plugin-opt=-pass-through=-lmsvcrt -plugin-opt=-pass-through=-lpthread -plugin-opt=-pass-through=-ladvapi32 -plugin-opt=-pass-through=-lshell32 -plugin-opt=-pass-through=-luser32 -plugin-opt=-pass-through=-lkernel32 -plugin-opt=-pass-through=-lmingw32 -plugin-opt=-pass-through=-lgcc_s -plugin-opt=-pass-through=-lgcc -plugin-opt=-pass-through=-lmoldname -plugin-opt=-pass-through=-lmingwex -plugin-opt=-pass-through=-lmsvcrt -m i386pep -Bdynamic -o cmTC_80bee.exe C:/msys64/mingw64/bin/../lib/gcc/x86_64-w64-mingw32/5.2.0/../../../../x86_64-w64-mingw32/lib/../lib/crt2.o C:/msys64/mingw64/bin/../lib/gcc/x86_64-w64-mingw32/5.2.0/crtbegin.o -LC:/msys64/mingw64/bin/../lib/gcc/x86_64-w64-mingw32/5.2.0 -LC:/msys64/mingw64/bin/../lib/gcc -LC:/msys64/mingw64/bin/../lib/gcc/x86_64-w64-mingw32/5.2.0/../../../../x86_64-w64-mingw32/lib/../lib -LC:/msys64/mingw64/bin/../lib/gcc/x86_64-w64-mingw32/5.2.0/../../../../lib -LC:/msys64/mingw64/bin/../lib/gcc/x86_64-w64-mingw32/5.2.0/../../../../x86_64-w64-mingw32/lib -LC:/msys64/mingw64/bin/../lib/gcc/x86_64-w64-mingw32/5.2.0/../../.. --whole-archive CMakeFiles/cmTC_80bee.dir/objects.a --no-whole-archive --out-implib libcmTC_80bee.dll.a --major-image-version 0 --minor-image-version 0 -lgfortran -lmingw32 -lgcc_s --undefined=___deregister_frame_info --undefined=___register_frame_info -lgcc -lmoldname -lmingwex -lmsvcrt -lquadmath -lm -lmingw32 -lgcc_s --undefined=___deregister_frame_info --undefined=___register_frame_info -lgcc -lmoldname -lmingwex -lmsvcrt -lpthread -ladvapi32 -lshell32 -luser32 -lkernel32 -lmingw32 -lgcc_s --undefined=___deregister_frame_info --undefined=___register_frame_info -lgcc -lmoldname -lmingwex -lmsvcrt C:/msys64/mingw64/bin/../lib/gcc/x86_64-w64-mingw32/5.2.0/../../../../x86_64-w64-mingw32/lib/../lib/default-manifest.o C:/msys64/mingw64/bin/../lib/gcc/x86_64-w64-mingw32/5.2.0/crtend.o]
    arg [C:/msys64/mingw64/bin/../lib/gcc/x86_64-w64-mingw32/5.2.0/collect2.exe] ==> ignore
    arg [-plugin] ==> ignore
    arg [C:/msys64/mingw64/bin/../lib/gcc/x86_64-w64-mingw32/5.2.0/liblto_plugin-0.dll] ==> ignore
    arg [-plugin-opt=C:/msys64/mingw64/bin/../lib/gcc/x86_64-w64-mingw32/5.2.0/lto-wrapper.exe] ==> ignore
    arg [-plugin-opt=-fresolution=C:UsersAlexAppDataLocalTempcc2ExYrV.res] ==> ignore
    arg [-plugin-opt=-pass-through=-lmingw32] ==> ignore
    arg [-plugin-opt=-pass-through=-lgcc_s] ==> ignore
    arg [-plugin-opt=-pass-through=-lgcc] ==> ignore
    arg [-plugin-opt=-pass-through=-lmoldname] ==> ignore
    arg [-plugin-opt=-pass-through=-lmingwex] ==> ignore
    arg [-plugin-opt=-pass-through=-lmsvcrt] ==> ignore
    arg [-plugin-opt=-pass-through=-lquadmath] ==> ignore
    arg [-plugin-opt=-pass-through=-lm] ==> ignore
    arg [-plugin-opt=-pass-through=-lmingw32] ==> ignore
    arg [-plugin-opt=-pass-through=-lgcc_s] ==> ignore
    arg [-plugin-opt=-pass-through=-lgcc] ==> ignore
    arg [-plugin-opt=-pass-through=-lmoldname] ==> ignore
    arg [-plugin-opt=-pass-through=-lmingwex] ==> ignore
    arg [-plugin-opt=-pass-through=-lmsvcrt] ==> ignore
    arg [-plugin-opt=-pass-through=-lpthread] ==> ignore
    arg [-plugin-opt=-pass-through=-ladvapi32] ==> ignore
    arg [-plugin-opt=-pass-through=-lshell32] ==> ignore
    arg [-plugin-opt=-pass-through=-luser32] ==> ignore
    arg [-plugin-opt=-pass-through=-lkernel32] ==> ignore
    arg [-plugin-opt=-pass-through=-lmingw32] ==> ignore
    arg [-plugin-opt=-pass-through=-lgcc_s] ==> ignore
    arg [-plugin-opt=-pass-through=-lgcc] ==> ignore
    arg [-plugin-opt=-pass-through=-lmoldname] ==> ignore
    arg [-plugin-opt=-pass-through=-lmingwex] ==> ignore
    arg [-plugin-opt=-pass-through=-lmsvcrt] ==> ignore
    arg [-m] ==> ignore
    arg [i386pep] ==> ignore
    arg [-Bdynamic] ==> ignore
    arg [-o] ==> ignore
    arg [cmTC_80bee.exe] ==> ignore
    arg [C:/msys64/mingw64/bin/../lib/gcc/x86_64-w64-mingw32/5.2.0/../../../../x86_64-w64-mingw32/lib/../lib/crt2.o] ==> ignore
    arg [C:/msys64/mingw64/bin/../lib/gcc/x86_64-w64-mingw32/5.2.0/crtbegin.o] ==> ignore
    arg [-LC:/msys64/mingw64/bin/../lib/gcc/x86_64-w64-mingw32/5.2.0] ==> dir [C:/msys64/mingw64/bin/../lib/gcc/x86_64-w64-mingw32/5.2.0]
    arg [-LC:/msys64/mingw64/bin/../lib/gcc] ==> dir [C:/msys64/mingw64/bin/../lib/gcc]
    arg [-LC:/msys64/mingw64/bin/../lib/gcc/x86_64-w64-mingw32/5.2.0/../../../../x86_64-w64-mingw32/lib/../lib] ==> dir [C:/msys64/mingw64/bin/../lib/gcc/x86_64-w64-mingw32/5.2.0/../../../../x86_64-w64-mingw32/lib/../lib]
    arg [-LC:/msys64/mingw64/bin/../lib/gcc/x86_64-w64-mingw32/5.2.0/../../../../lib] ==> dir [C:/msys64/mingw64/bin/../lib/gcc/x86_64-w64-mingw32/5.2.0/../../../../lib]
    arg [-LC:/msys64/mingw64/bin/../lib/gcc/x86_64-w64-mingw32/5.2.0/../../../../x86_64-w64-mingw32/lib] ==> dir [C:/msys64/mingw64/bin/../lib/gcc/x86_64-w64-mingw32/5.2.0/../../../../x86_64-w64-mingw32/lib]
    arg [-LC:/msys64/mingw64/bin/../lib/gcc/x86_64-w64-mingw32/5.2.0/../../..] ==> dir [C:/msys64/mingw64/bin/../lib/gcc/x86_64-w64-mingw32/5.2.0/../../..]
    arg [--whole-archive] ==> ignore
    arg [CMakeFiles/cmTC_80bee.dir/objects.a] ==> ignore
    arg [--no-whole-archive] ==> ignore
    arg [--out-implib] ==> ignore
    arg [libcmTC_80bee.dll.a] ==> ignore
    arg [--major-image-version] ==> ignore
    arg [0] ==> ignore
    arg [--minor-image-version] ==> ignore
    arg [0] ==> ignore
    arg [-lgfortran] ==> lib [gfortran]
    arg [-lmingw32] ==> lib [mingw32]
    arg [-lgcc_s] ==> lib [gcc_s]
    arg [--undefined=___deregister_frame_info] ==> ignore
    arg [--undefined=___register_frame_info] ==> ignore
    arg [-lgcc] ==> lib [gcc]
    arg [-lmoldname] ==> lib [moldname]
    arg [-lmingwex] ==> lib [mingwex]
    arg [-lmsvcrt] ==> lib [msvcrt]
    arg [-lquadmath] ==> lib [quadmath]
    arg [-lm] ==> lib [m]
    arg [-lmingw32] ==> lib [mingw32]
    arg [-lgcc_s] ==> lib [gcc_s]
    arg [--undefined=___deregister_frame_info] ==> ignore
    arg [--undefined=___register_frame_info] ==> ignore
    arg [-lgcc] ==> lib [gcc]
    arg [-lmoldname] ==> lib [moldname]
    arg [-lmingwex] ==> lib [mingwex]
    arg [-lmsvcrt] ==> lib [msvcrt]
    arg [-lpthread] ==> lib [pthread]
    arg [-ladvapi32] ==> lib [advapi32]
    arg [-lshell32] ==> lib [shell32]
    arg [-luser32] ==> lib [user32]
    arg [-lkernel32] ==> lib [kernel32]
    arg [-lmingw32] ==> lib [mingw32]
    arg [-lgcc_s] ==> lib [gcc_s]
    arg [--undefined=___deregister_frame_info] ==> ignore
    arg [--undefined=___register_frame_info] ==> ignore
    arg [-lgcc] ==> lib [gcc]
    arg [-lmoldname] ==> lib [moldname]
    arg [-lmingwex] ==> lib [mingwex]
    arg [-lmsvcrt] ==> lib [msvcrt]
    arg [C:/msys64/mingw64/bin/../lib/gcc/x86_64-w64-mingw32/5.2.0/../../../../x86_64-w64-mingw32/lib/../lib/default-manifest.o] ==> ignore
    arg [C:/msys64/mingw64/bin/../lib/gcc/x86_64-w64-mingw32/5.2.0/crtend.o] ==> ignore
  remove lib [gcc_s]
  remove lib [gcc]
  remove lib [gcc_s]
  remove lib [gcc]
  remove lib [gcc_s]
  remove lib [gcc]
  collapse library dir [C:/msys64/mingw64/bin/../lib/gcc/x86_64-w64-mingw32/5.2.0] ==> [C:/msys64/mingw64/lib/gcc/x86_64-w64-mingw32/5.2.0]
  collapse library dir [C:/msys64/mingw64/bin/../lib/gcc] ==> [C:/msys64/mingw64/lib/gcc]
  collapse library dir [C:/msys64/mingw64/bin/../lib/gcc/x86_64-w64-mingw32/5.2.0/../../../../x86_64-w64-mingw32/lib/../lib] ==> [C:/msys64/mingw64/x86_64-w64-mingw32/lib]
  collapse library dir [C:/msys64/mingw64/bin/../lib/gcc/x86_64-w64-mingw32/5.2.0/../../../../lib] ==> [C:/msys64/mingw64/lib]
  collapse library dir [C:/msys64/mingw64/bin/../lib/gcc/x86_64-w64-mingw32/5.2.0/../../../../x86_64-w64-mingw32/lib] ==> [C:/msys64/mingw64/x86_64-w64-mingw32/lib]
  collapse library dir [C:/msys64/mingw64/bin/../lib/gcc/x86_64-w64-mingw32/5.2.0/../../..] ==> [C:/msys64/mingw64/lib]
  implicit libs: [gfortran;mingw32;moldname;mingwex;msvcrt;quadmath;m;mingw32;moldname;mingwex;msvcrt;pthread;advapi32;shell32;user32;kernel32;mingw32;moldname;mingwex;msvcrt]
  implicit dirs: [C:/msys64/mingw64/lib/gcc/x86_64-w64-mingw32/5.2.0;C:/msys64/mingw64/lib/gcc;C:/msys64/mingw64/x86_64-w64-mingw32/lib;C:/msys64/mingw64/lib]
  implicit fwks: []


Determining if the Fortran compiler supports Fortran 90 passed with the following output:
Change Dir: C:/Users/Alex/Dropbox/Development/Qt/LinearOptimization/lib/eigen3/build/CMakeFiles/CMakeTmp

Run Build Command:"C:/msys64/usr/bin/make.exe" "cmTC_7440f/fast"
/usr/bin/make -f CMakeFiles/cmTC_7440f.dir/build.make CMakeFiles/cmTC_7440f.dir/build
make[1]: Entering directory '/c/Users/Alex/Dropbox/Development/Qt/LinearOptimization/lib/eigen3/build/CMakeFiles/CMakeTmp'
Building Fortran object CMakeFiles/cmTC_7440f.dir/testFortranCompilerF90.f90.o
C:/msys64/mingw64/bin/gfortran.exe    -c C:/Users/Alex/Dropbox/Development/Qt/LinearOptimization/lib/eigen3/build/CMakeFiles/CMakeTmp/testFortranCompilerF90.f90 -o CMakeFiles/cmTC_7440f.dir/testFortranCompilerF90.f90.o
Linking Fortran executable cmTC_7440f.exe
C:/msys64/mingw64/bin/cmake.exe -E remove -f CMakeFiles/cmTC_7440f.dir/objects.a
C:/msys64/usr/bin/ar.exe cr CMakeFiles/cmTC_7440f.dir/objects.a @CMakeFiles/cmTC_7440f.dir/objects1.rsp
C:/msys64/mingw64/bin/gfortran.exe       -Wl,--whole-archive CMakeFiles/cmTC_7440f.dir/objects.a -Wl,--no-whole-archive  -o cmTC_7440f.exe -Wl,--out-implib,libcmTC_7440f.dll.a -Wl,--major-image-version,0,--minor-image-version,0  
make[1]: Leaving directory '/c/Users/Alex/Dropbox/Development/Qt/LinearOptimization/lib/eigen3/build/CMakeFiles/CMakeTmp'


